<?xml version="1.0" encoding="UTF-8"?>
<!-- Generated by org.testng.reporters.JUnitReportReporter -->
<testsuite skipped="0" hostname="INPUL5CG7232C74" name="productSearch.ProductSearchDE" tests="1" failures="0" timestamp="25 Jun 2019 07:45:57 GMT" time="23.639" errors="0">
  <testcase name="ProductSearchDESite" time="23.639" classname="productSearch.ProductSearchDE"/>
</testsuite> <!-- productSearch.ProductSearchDE -->
