<?xml version="1.0" encoding="UTF-8"?>
<!-- Generated by org.testng.reporters.JUnitReportReporter -->
<testsuite skipped="0" hostname="INPUL5CG7232C74" name="productSearch.ProductSearchUK" tests="1" failures="0" timestamp="12 Jun 2019 06:23:37 GMT" time="14.663" errors="0">
  <testcase name="ProductSearchUKSite" time="14.663" classname="productSearch.ProductSearchUK"/>
</testsuite> <!-- productSearch.ProductSearchUK -->
