<?xml version="1.0" encoding="UTF-8"?>
<!-- Generated by org.testng.reporters.JUnitReportReporter -->
<testsuite skipped="0" hostname="INPUL5CG7232C74" name="goliveChecks.CheckLinks" tests="1" failures="0" timestamp="30 Nov 2018 11:24:50 GMT" time="1132.457" errors="0">
  <testcase name="LinksVerify" time="1132.457" classname="goliveChecks.CheckLinks"/>
</testsuite> <!-- goliveChecks.CheckLinks -->
