<?xml version="1.0" encoding="UTF-8"?>
<!-- Generated by org.testng.reporters.JUnitReportReporter -->
<testsuite skipped="0" hostname="INPUL5CG7232C74" name="guru99Project.TestCase5" tests="1" failures="0" timestamp="01 Sep 2019 06:08:21 GMT" time="48.157" errors="0">
  <testcase name="testTestCase5" time="48.157" classname="guru99Project.TestCase5"/>
</testsuite> <!-- guru99Project.TestCase5 -->
