<?xml version="1.0" encoding="UTF-8"?>
<!-- Generated by org.testng.reporters.JUnitReportReporter -->
<testsuite skipped="0" hostname="INPUL5CG7232C74" name="productSearch.ProductSearchIT" tests="1" failures="0" timestamp="12 Dec 2019 10:23:29 GMT" time="26.906" errors="0">
  <testcase name="ProductSearchITSite" time="26.906" classname="productSearch.ProductSearchIT"/>
</testsuite> <!-- productSearch.ProductSearchIT -->
