<?xml version="1.0" encoding="UTF-8"?>
<!-- Generated by org.testng.reporters.JUnitReportReporter -->
<testsuite skipped="0" hostname="INPUL5CG7232C74" name="preGoliveChecks.GoogleAnalytics" tests="1" failures="0" timestamp="26 Nov 2018 10:40:27 GMT" time="32.698" errors="0">
  <testcase name="Analytics" time="32.698" classname="preGoliveChecks.GoogleAnalytics"/>
</testsuite> <!-- preGoliveChecks.GoogleAnalytics -->
