<?xml version="1.0" encoding="UTF-8"?>
<!-- Generated by org.testng.reporters.JUnitReportReporter -->
<testsuite skipped="0" hostname="INPUL5CG7232C74" name="productSearch.ProductSearchDE" tests="1" failures="0" timestamp="05 Dec 2018 17:52:05 GMT" time="31.941" errors="0">
  <testcase name="ProductSearchDESite" time="31.941" classname="productSearch.ProductSearchDE"/>
</testsuite> <!-- productSearch.ProductSearchDE -->
