<?xml version="1.0" encoding="UTF-8"?>
<!-- Generated by org.testng.reporters.JUnitReportReporter -->
<testsuite skipped="81" hostname="INPUL5CG7232C74" name="siteNavigation.HomeLink" tests="83" failures="0" timestamp="28 Nov 2018 09:55:37 GMT" time="29.289" errors="2">
  <testcase name="HomeLinkCheck" time="0.000" classname="siteNavigation.HomeLink">
    <skipped/>
  </testcase> <!-- HomeLinkCheck -->
  <testcase name="HomeLinkCheck" time="0.000" classname="siteNavigation.HomeLink">
    <skipped/>
  </testcase> <!-- HomeLinkCheck -->
  <testcase name="HomeLinkCheck" time="0.000" classname="siteNavigation.HomeLink">
    <skipped/>
  </testcase> <!-- HomeLinkCheck -->
  <testcase name="HomeLinkCheck" time="0.000" classname="siteNavigation.HomeLink">
    <skipped/>
  </testcase> <!-- HomeLinkCheck -->
  <testcase name="HomeLinkCheck" time="0.000" classname="siteNavigation.HomeLink">
    <skipped/>
  </testcase> <!-- HomeLinkCheck -->
  <testcase name="HomeLinkCheck" time="0.000" classname="siteNavigation.HomeLink">
    <skipped/>
  </testcase> <!-- HomeLinkCheck -->
  <testcase name="HomeLinkCheck" time="0.000" classname="siteNavigation.HomeLink">
    <skipped/>
  </testcase> <!-- HomeLinkCheck -->
  <testcase name="HomeLinkCheck" time="0.000" classname="siteNavigation.HomeLink">
    <skipped/>
  </testcase> <!-- HomeLinkCheck -->
  <testcase name="HomeLinkCheck" time="0.000" classname="siteNavigation.HomeLink">
    <skipped/>
  </testcase> <!-- HomeLinkCheck -->
  <testcase name="HomeLinkCheck" time="0.000" classname="siteNavigation.HomeLink">
    <skipped/>
  </testcase> <!-- HomeLinkCheck -->
  <testcase name="HomeLinkCheck" time="0.000" classname="siteNavigation.HomeLink">
    <skipped/>
  </testcase> <!-- HomeLinkCheck -->
  <testcase name="HomeLinkCheck" time="0.000" classname="siteNavigation.HomeLink">
    <skipped/>
  </testcase> <!-- HomeLinkCheck -->
  <testcase name="HomeLinkCheck" time="0.000" classname="siteNavigation.HomeLink">
    <skipped/>
  </testcase> <!-- HomeLinkCheck -->
  <testcase name="HomeLinkCheck" time="0.000" classname="siteNavigation.HomeLink">
    <skipped/>
  </testcase> <!-- HomeLinkCheck -->
  <testcase name="HomeLinkCheck" time="0.000" classname="siteNavigation.HomeLink">
    <skipped/>
  </testcase> <!-- HomeLinkCheck -->
  <testcase name="HomeLinkCheck" time="0.000" classname="siteNavigation.HomeLink">
    <skipped/>
  </testcase> <!-- HomeLinkCheck -->
  <testcase name="HomeLinkCheck" time="0.000" classname="siteNavigation.HomeLink">
    <skipped/>
  </testcase> <!-- HomeLinkCheck -->
  <testcase name="HomeLinkCheck" time="0.000" classname="siteNavigation.HomeLink">
    <skipped/>
  </testcase> <!-- HomeLinkCheck -->
  <testcase name="HomeLinkCheck" time="0.000" classname="siteNavigation.HomeLink">
    <skipped/>
  </testcase> <!-- HomeLinkCheck -->
  <testcase name="HomeLinkCheck" time="0.000" classname="siteNavigation.HomeLink">
    <skipped/>
  </testcase> <!-- HomeLinkCheck -->
  <testcase name="HomeLinkCheck" time="0.000" classname="siteNavigation.HomeLink">
    <skipped/>
  </testcase> <!-- HomeLinkCheck -->
  <testcase name="HomeLinkCheck" time="0.000" classname="siteNavigation.HomeLink">
    <skipped/>
  </testcase> <!-- HomeLinkCheck -->
  <testcase name="HomeLinkCheck" time="0.000" classname="siteNavigation.HomeLink">
    <skipped/>
  </testcase> <!-- HomeLinkCheck -->
  <testcase name="HomeLinkCheck" time="0.000" classname="siteNavigation.HomeLink">
    <skipped/>
  </testcase> <!-- HomeLinkCheck -->
  <testcase name="HomeLinkCheck" time="0.000" classname="siteNavigation.HomeLink">
    <skipped/>
  </testcase> <!-- HomeLinkCheck -->
  <testcase name="HomeLinkCheck" time="0.000" classname="siteNavigation.HomeLink">
    <skipped/>
  </testcase> <!-- HomeLinkCheck -->
  <testcase name="HomeLinkCheck" time="0.000" classname="siteNavigation.HomeLink">
    <skipped/>
  </testcase> <!-- HomeLinkCheck -->
  <testcase name="HomeLinkCheck" time="0.000" classname="siteNavigation.HomeLink">
    <skipped/>
  </testcase> <!-- HomeLinkCheck -->
  <testcase name="HomeLinkCheck" time="0.000" classname="siteNavigation.HomeLink">
    <skipped/>
  </testcase> <!-- HomeLinkCheck -->
  <testcase name="HomeLinkCheck" time="0.000" classname="siteNavigation.HomeLink">
    <skipped/>
  </testcase> <!-- HomeLinkCheck -->
  <testcase name="HomeLinkCheck" time="0.000" classname="siteNavigation.HomeLink">
    <skipped/>
  </testcase> <!-- HomeLinkCheck -->
  <testcase name="HomeLinkCheck" time="0.000" classname="siteNavigation.HomeLink">
    <skipped/>
  </testcase> <!-- HomeLinkCheck -->
  <testcase name="HomeLinkCheck" time="0.000" classname="siteNavigation.HomeLink">
    <skipped/>
  </testcase> <!-- HomeLinkCheck -->
  <testcase name="HomeLinkCheck" time="0.000" classname="siteNavigation.HomeLink">
    <skipped/>
  </testcase> <!-- HomeLinkCheck -->
  <testcase name="HomeLinkCheck" time="0.000" classname="siteNavigation.HomeLink">
    <skipped/>
  </testcase> <!-- HomeLinkCheck -->
  <testcase name="HomeLinkCheck" time="0.000" classname="siteNavigation.HomeLink">
    <skipped/>
  </testcase> <!-- HomeLinkCheck -->
  <testcase name="HomeLinkCheck" time="0.000" classname="siteNavigation.HomeLink">
    <skipped/>
  </testcase> <!-- HomeLinkCheck -->
  <testcase name="HomeLinkCheck" time="0.000" classname="siteNavigation.HomeLink">
    <skipped/>
  </testcase> <!-- HomeLinkCheck -->
  <testcase name="HomeLinkCheck" time="0.000" classname="siteNavigation.HomeLink">
    <skipped/>
  </testcase> <!-- HomeLinkCheck -->
  <testcase name="HomeLinkCheck" time="0.000" classname="siteNavigation.HomeLink">
    <skipped/>
  </testcase> <!-- HomeLinkCheck -->
  <testcase name="HomeLinkCheck" time="0.000" classname="siteNavigation.HomeLink">
    <skipped/>
  </testcase> <!-- HomeLinkCheck -->
  <testcase name="HomeLinkCheck" time="0.000" classname="siteNavigation.HomeLink">
    <skipped/>
  </testcase> <!-- HomeLinkCheck -->
  <testcase name="HomeLinkCheck" time="0.000" classname="siteNavigation.HomeLink">
    <skipped/>
  </testcase> <!-- HomeLinkCheck -->
  <testcase name="getResult" time="0.022" classname="siteNavigation.HomeLink">
    <error type="java.lang.NullPointerException">
      <![CDATA[java.lang.NullPointerException
at library.Utility1.getScreenshot(Utility1.java:16)
at library.BaseClass.getResult(BaseClass.java:43)
at sun.reflect.NativeMethodAccessorImpl.invoke0(Native Method)
at sun.reflect.NativeMethodAccessorImpl.invoke(Unknown Source)
at sun.reflect.DelegatingMethodAccessorImpl.invoke(Unknown Source)
at java.lang.reflect.Method.invoke(Unknown Source)
at org.testng.internal.MethodInvocationHelper.invokeMethod(MethodInvocationHelper.java:124)
at org.testng.internal.MethodInvocationHelper.invokeMethodConsideringTimeout(MethodInvocationHelper.java:59)
at org.testng.internal.Invoker.invokeConfigurationMethod(Invoker.java:455)
at org.testng.internal.Invoker.invokeConfigurations(Invoker.java:222)
at org.testng.internal.Invoker.invokeMethod(Invoker.java:643)
at org.testng.internal.Invoker.invokeTestMethod(Invoker.java:716)
at org.testng.internal.Invoker.invokeTestMethods(Invoker.java:988)
at org.testng.internal.TestMethodWorker.invokeTestMethods(TestMethodWorker.java:125)
at org.testng.internal.TestMethodWorker.run(TestMethodWorker.java:109)
at org.testng.TestRunner.privateRun(TestRunner.java:648)
at org.testng.TestRunner.run(TestRunner.java:505)
at org.testng.SuiteRunner.runTest(SuiteRunner.java:455)
at org.testng.SuiteRunner.runSequentially(SuiteRunner.java:450)
at org.testng.SuiteRunner.privateRun(SuiteRunner.java:415)
at org.testng.SuiteRunner.run(SuiteRunner.java:364)
at org.testng.SuiteRunnerWorker.runSuite(SuiteRunnerWorker.java:52)
at org.testng.SuiteRunnerWorker.run(SuiteRunnerWorker.java:84)
at org.testng.TestNG.runSuitesSequentially(TestNG.java:1208)
at org.testng.TestNG.runSuitesLocally(TestNG.java:1137)
at org.testng.TestNG.runSuites(TestNG.java:1049)
at org.testng.TestNG.run(TestNG.java:1017)
at org.testng.remote.AbstractRemoteTestNG.run(AbstractRemoteTestNG.java:114)
at org.testng.remote.RemoteTestNG.initAndRun(RemoteTestNG.java:251)
at org.testng.remote.RemoteTestNG.main(RemoteTestNG.java:77)
]]>
    </error>
  </testcase> <!-- getResult -->
  <testcase name="HomeLinkCheck" time="0.000" classname="siteNavigation.HomeLink">
    <skipped/>
  </testcase> <!-- HomeLinkCheck -->
  <testcase name="HomeLinkCheck" time="0.000" classname="siteNavigation.HomeLink">
    <skipped/>
  </testcase> <!-- HomeLinkCheck -->
  <testcase name="HomeLinkCheck" time="0.000" classname="siteNavigation.HomeLink">
    <skipped/>
  </testcase> <!-- HomeLinkCheck -->
  <testcase name="HomeLinkCheck" time="0.000" classname="siteNavigation.HomeLink">
    <skipped/>
  </testcase> <!-- HomeLinkCheck -->
  <testcase name="HomeLinkCheck" time="29.267" classname="siteNavigation.HomeLink">
    <error type="org.openqa.selenium.NoSuchElementException" message="no such element: Unable to locate element: {&quot;method&quot;:&quot;css selector&quot;,&quot;selector&quot;:&quot;.fa-home&quot;}
  (Session info: chrome=67.0.3396.87)
  (Driver info: chromedriver=2.41.578737 (49da6702b16031c40d63e5618de03a32ff6c197e),platform=Windows NT 10.0.16299 x86_64) (WARNING: The server did not provide any stacktrace information)
Command duration or timeout: 0 milliseconds
For documentation on this error, please visit: http://seleniumhq.org/exceptions/no_such_element.html
Build info: version: &#039;3.14.0&#039;, revision: &#039;aacccce0&#039;, time: &#039;2018-08-02T20:13:22.693Z&#039;
System info: host: &#039;INPUL5CG7232C74&#039;, ip: &#039;10.254.233.83&#039;, os.name: &#039;Windows 10&#039;, os.arch: &#039;amd64&#039;, os.version: &#039;10.0&#039;, java.version: &#039;1.8.0_181&#039;
Driver info: org.openqa.selenium.chrome.ChromeDriver
Capabilities {acceptInsecureCerts: false, acceptSslCerts: false, applicationCacheEnabled: false, browserConnectionEnabled: false, browserName: chrome, chrome: {chromedriverVersion: 2.41.578737 (49da6702b16031..., userDataDir: C:\Users\u955590\AppData\Lo...}, cssSelectorsEnabled: true, databaseEnabled: false, goog:chromeOptions: {debuggerAddress: localhost:56859}, handlesAlerts: true, hasTouchScreen: false, javascriptEnabled: true, locationContextEnabled: true, mobileEmulationEnabled: false, nativeEvents: true, networkConnectionEnabled: false, pageLoadStrategy: normal, platform: XP, platformName: XP, rotatable: false, setWindowRect: true, takesHeapSnapshot: true, takesScreenshot: true, unexpectedAlertBehaviour: , unhandledPromptBehavior: , version: 67.0.3396.87, webStorageEnabled: true}
Session ID: 7f667918dedc2ac77124089c7f43c4df
*** Element info: {Using=css selector, value=.fa-home}">
      <![CDATA[org.openqa.selenium.NoSuchElementException: no such element: Unable to locate element: {"method":"css selector","selector":".fa-home"}
  (Session info: chrome=67.0.3396.87)
  (Driver info: chromedriver=2.41.578737 (49da6702b16031c40d63e5618de03a32ff6c197e),platform=Windows NT 10.0.16299 x86_64) (WARNING: The server did not provide any stacktrace information)
Command duration or timeout: 0 milliseconds
For documentation on this error, please visit: http://seleniumhq.org/exceptions/no_such_element.html
Build info: version: '3.14.0', revision: 'aacccce0', time: '2018-08-02T20:13:22.693Z'
System info: host: 'INPUL5CG7232C74', ip: '10.254.233.83', os.name: 'Windows 10', os.arch: 'amd64', os.version: '10.0', java.version: '1.8.0_181'
Driver info: org.openqa.selenium.chrome.ChromeDriver
Capabilities {acceptInsecureCerts: false, acceptSslCerts: false, applicationCacheEnabled: false, browserConnectionEnabled: false, browserName: chrome, chrome: {chromedriverVersion: 2.41.578737 (49da6702b16031..., userDataDir: C:\Users\u955590\AppData\Lo...}, cssSelectorsEnabled: true, databaseEnabled: false, goog:chromeOptions: {debuggerAddress: localhost:56859}, handlesAlerts: true, hasTouchScreen: false, javascriptEnabled: true, locationContextEnabled: true, mobileEmulationEnabled: false, nativeEvents: true, networkConnectionEnabled: false, pageLoadStrategy: normal, platform: XP, platformName: XP, rotatable: false, setWindowRect: true, takesHeapSnapshot: true, takesScreenshot: true, unexpectedAlertBehaviour: , unhandledPromptBehavior: , version: 67.0.3396.87, webStorageEnabled: true}
Session ID: 7f667918dedc2ac77124089c7f43c4df
*** Element info: {Using=css selector, value=.fa-home}
at sun.reflect.NativeConstructorAccessorImpl.newInstance0(Native Method)
at sun.reflect.NativeConstructorAccessorImpl.newInstance(Unknown Source)
at sun.reflect.DelegatingConstructorAccessorImpl.newInstance(Unknown Source)
at java.lang.reflect.Constructor.newInstance(Unknown Source)
at org.openqa.selenium.remote.ErrorHandler.createThrowable(ErrorHandler.java:214)
at org.openqa.selenium.remote.ErrorHandler.throwIfResponseFailed(ErrorHandler.java:166)
at org.openqa.selenium.remote.http.JsonHttpResponseCodec.reconstructValue(JsonHttpResponseCodec.java:40)
at org.openqa.selenium.remote.http.AbstractHttpResponseCodec.decode(AbstractHttpResponseCodec.java:80)
at org.openqa.selenium.remote.http.AbstractHttpResponseCodec.decode(AbstractHttpResponseCodec.java:44)
at org.openqa.selenium.remote.HttpCommandExecutor.execute(HttpCommandExecutor.java:158)
at org.openqa.selenium.remote.service.DriverCommandExecutor.execute(DriverCommandExecutor.java:83)
at org.openqa.selenium.remote.RemoteWebDriver.execute(RemoteWebDriver.java:548)
at org.openqa.selenium.remote.RemoteWebDriver.findElement(RemoteWebDriver.java:322)
at org.openqa.selenium.remote.RemoteWebDriver.findElementByCssSelector(RemoteWebDriver.java:416)
at org.openqa.selenium.By$ByCssSelector.findElement(By.java:431)
at org.openqa.selenium.remote.RemoteWebDriver.findElement(RemoteWebDriver.java:314)
at siteNavigation.HomeLink.HomeLinkCheck(HomeLink.java:41)
at sun.reflect.NativeMethodAccessorImpl.invoke0(Native Method)
at sun.reflect.NativeMethodAccessorImpl.invoke(Unknown Source)
at sun.reflect.DelegatingMethodAccessorImpl.invoke(Unknown Source)
at java.lang.reflect.Method.invoke(Unknown Source)
at org.testng.internal.MethodInvocationHelper.invokeMethod(MethodInvocationHelper.java:124)
at org.testng.internal.Invoker.invokeMethod(Invoker.java:580)
at org.testng.internal.Invoker.invokeTestMethod(Invoker.java:716)
at org.testng.internal.Invoker.invokeTestMethods(Invoker.java:988)
at org.testng.internal.TestMethodWorker.invokeTestMethods(TestMethodWorker.java:125)
at org.testng.internal.TestMethodWorker.run(TestMethodWorker.java:109)
at org.testng.TestRunner.privateRun(TestRunner.java:648)
at org.testng.TestRunner.run(TestRunner.java:505)
at org.testng.SuiteRunner.runTest(SuiteRunner.java:455)
at org.testng.SuiteRunner.runSequentially(SuiteRunner.java:450)
at org.testng.SuiteRunner.privateRun(SuiteRunner.java:415)
at org.testng.SuiteRunner.run(SuiteRunner.java:364)
at org.testng.SuiteRunnerWorker.runSuite(SuiteRunnerWorker.java:52)
at org.testng.SuiteRunnerWorker.run(SuiteRunnerWorker.java:84)
at org.testng.TestNG.runSuitesSequentially(TestNG.java:1208)
at org.testng.TestNG.runSuitesLocally(TestNG.java:1137)
at org.testng.TestNG.runSuites(TestNG.java:1049)
at org.testng.TestNG.run(TestNG.java:1017)
at org.testng.remote.AbstractRemoteTestNG.run(AbstractRemoteTestNG.java:114)
at org.testng.remote.RemoteTestNG.initAndRun(RemoteTestNG.java:251)
at org.testng.remote.RemoteTestNG.main(RemoteTestNG.java:77)
]]>
    </error>
  </testcase> <!-- HomeLinkCheck -->
  <testcase name="HomeLinkCheck" time="0.000" classname="siteNavigation.HomeLink">
    <skipped/>
  </testcase> <!-- HomeLinkCheck -->
  <testcase name="HomeLinkCheck" time="0.000" classname="siteNavigation.HomeLink">
    <skipped/>
  </testcase> <!-- HomeLinkCheck -->
  <testcase name="HomeLinkCheck" time="0.000" classname="siteNavigation.HomeLink">
    <skipped/>
  </testcase> <!-- HomeLinkCheck -->
  <testcase name="HomeLinkCheck" time="0.000" classname="siteNavigation.HomeLink">
    <skipped/>
  </testcase> <!-- HomeLinkCheck -->
  <testcase name="HomeLinkCheck" time="0.000" classname="siteNavigation.HomeLink">
    <skipped/>
  </testcase> <!-- HomeLinkCheck -->
  <testcase name="HomeLinkCheck" time="0.000" classname="siteNavigation.HomeLink">
    <skipped/>
  </testcase> <!-- HomeLinkCheck -->
  <testcase name="HomeLinkCheck" time="0.000" classname="siteNavigation.HomeLink">
    <skipped/>
  </testcase> <!-- HomeLinkCheck -->
  <testcase name="HomeLinkCheck" time="0.000" classname="siteNavigation.HomeLink">
    <skipped/>
  </testcase> <!-- HomeLinkCheck -->
  <testcase name="HomeLinkCheck" time="0.000" classname="siteNavigation.HomeLink">
    <skipped/>
  </testcase> <!-- HomeLinkCheck -->
  <testcase name="HomeLinkCheck" time="0.000" classname="siteNavigation.HomeLink">
    <skipped/>
  </testcase> <!-- HomeLinkCheck -->
  <testcase name="HomeLinkCheck" time="0.000" classname="siteNavigation.HomeLink">
    <skipped/>
  </testcase> <!-- HomeLinkCheck -->
  <testcase name="HomeLinkCheck" time="0.000" classname="siteNavigation.HomeLink">
    <skipped/>
  </testcase> <!-- HomeLinkCheck -->
  <testcase name="HomeLinkCheck" time="0.000" classname="siteNavigation.HomeLink">
    <skipped/>
  </testcase> <!-- HomeLinkCheck -->
  <testcase name="HomeLinkCheck" time="0.000" classname="siteNavigation.HomeLink">
    <skipped/>
  </testcase> <!-- HomeLinkCheck -->
  <testcase name="HomeLinkCheck" time="0.000" classname="siteNavigation.HomeLink">
    <skipped/>
  </testcase> <!-- HomeLinkCheck -->
  <testcase name="HomeLinkCheck" time="0.000" classname="siteNavigation.HomeLink">
    <skipped/>
  </testcase> <!-- HomeLinkCheck -->
  <testcase name="HomeLinkCheck" time="0.000" classname="siteNavigation.HomeLink">
    <skipped/>
  </testcase> <!-- HomeLinkCheck -->
  <testcase name="HomeLinkCheck" time="0.000" classname="siteNavigation.HomeLink">
    <skipped/>
  </testcase> <!-- HomeLinkCheck -->
  <testcase name="HomeLinkCheck" time="0.000" classname="siteNavigation.HomeLink">
    <skipped/>
  </testcase> <!-- HomeLinkCheck -->
  <testcase name="HomeLinkCheck" time="0.000" classname="siteNavigation.HomeLink">
    <skipped/>
  </testcase> <!-- HomeLinkCheck -->
  <testcase name="HomeLinkCheck" time="0.000" classname="siteNavigation.HomeLink">
    <skipped/>
  </testcase> <!-- HomeLinkCheck -->
  <testcase name="HomeLinkCheck" time="0.000" classname="siteNavigation.HomeLink">
    <skipped/>
  </testcase> <!-- HomeLinkCheck -->
  <testcase name="HomeLinkCheck" time="0.000" classname="siteNavigation.HomeLink">
    <skipped/>
  </testcase> <!-- HomeLinkCheck -->
  <testcase name="HomeLinkCheck" time="0.000" classname="siteNavigation.HomeLink">
    <skipped/>
  </testcase> <!-- HomeLinkCheck -->
  <testcase name="HomeLinkCheck" time="0.000" classname="siteNavigation.HomeLink">
    <skipped/>
  </testcase> <!-- HomeLinkCheck -->
  <testcase name="HomeLinkCheck" time="0.000" classname="siteNavigation.HomeLink">
    <skipped/>
  </testcase> <!-- HomeLinkCheck -->
  <testcase name="HomeLinkCheck" time="0.000" classname="siteNavigation.HomeLink">
    <skipped/>
  </testcase> <!-- HomeLinkCheck -->
  <testcase name="HomeLinkCheck" time="0.000" classname="siteNavigation.HomeLink">
    <skipped/>
  </testcase> <!-- HomeLinkCheck -->
  <testcase name="HomeLinkCheck" time="0.000" classname="siteNavigation.HomeLink">
    <skipped/>
  </testcase> <!-- HomeLinkCheck -->
  <testcase name="HomeLinkCheck" time="0.000" classname="siteNavigation.HomeLink">
    <skipped/>
  </testcase> <!-- HomeLinkCheck -->
  <testcase name="HomeLinkCheck" time="0.000" classname="siteNavigation.HomeLink">
    <skipped/>
  </testcase> <!-- HomeLinkCheck -->
  <testcase name="HomeLinkCheck" time="0.000" classname="siteNavigation.HomeLink">
    <skipped/>
  </testcase> <!-- HomeLinkCheck -->
  <testcase name="HomeLinkCheck" time="0.000" classname="siteNavigation.HomeLink">
    <skipped/>
  </testcase> <!-- HomeLinkCheck -->
  <testcase name="HomeLinkCheck" time="0.000" classname="siteNavigation.HomeLink">
    <skipped/>
  </testcase> <!-- HomeLinkCheck -->
</testsuite> <!-- siteNavigation.HomeLink -->
