<?xml version="1.0" encoding="UTF-8"?>
<!-- Generated by org.testng.reporters.JUnitReportReporter -->
<testsuite skipped="0" hostname="INPUL5CG7232C74" name="productSearch.SearchFunctionality" tests="1" failures="0" timestamp="28 Nov 2018 10:59:46 GMT" time="89.858" errors="0">
  <testcase name="SearchFunctionalitySite" time="89.858" classname="productSearch.SearchFunctionality"/>
</testsuite> <!-- productSearch.SearchFunctionality -->
