<?xml version="1.0" encoding="UTF-8"?>
<!-- Generated by org.testng.reporters.JUnitReportReporter -->
<testsuite skipped="0" hostname="INPUL5CG7232C74" name="weatherWidget.ValidationOfWeatherWidget" tests="1" failures="0" timestamp="10 Apr 2019 11:13:03 GMT" time="92.174" errors="0">
  <testcase name="CheckingWeatherWidget" time="92.174" classname="weatherWidget.ValidationOfWeatherWidget"/>
</testsuite> <!-- weatherWidget.ValidationOfWeatherWidget -->
