<?xml version="1.0" encoding="UTF-8"?>
<!-- Generated by org.testng.reporters.JUnitReportReporter -->
<testsuite skipped="0" hostname="INPUL5CG7232C74" name="siteNavigation.LanguageCheck" tests="1" failures="0" timestamp="06 Feb 2019 10:38:56 GMT" time="12.821" errors="0">
  <testcase name="LanguageCheckSwitzerland" time="12.821" classname="siteNavigation.LanguageCheck"/>
</testsuite> <!-- siteNavigation.LanguageCheck -->
