<?xml version="1.0" encoding="UTF-8"?>
<!-- Generated by org.testng.reporters.JUnitReportReporter -->
<testsuite skipped="0" hostname="INPUL5CG7232C74" name="goliveChecks.PostGoLiveChecks" tests="1" failures="0" timestamp="26 Jun 2019 09:00:38 GMT" time="112.220" errors="0">
  <testcase name="Analytics" time="112.220" classname="goliveChecks.PostGoLiveChecks"/>
</testsuite> <!-- goliveChecks.PostGoLiveChecks -->
