<?xml version="1.0" encoding="UTF-8"?>
<!-- Generated by org.testng.reporters.JUnitReportReporter -->
<testsuite skipped="0" hostname="INPUL5CG7232C74" name="analyticsGoogleSearch.CheckingGTM2" tests="1" failures="0" timestamp="20 Aug 2019 10:52:56 GMT" time="49.520" errors="0">
  <testcase name="siteHack" time="49.520" classname="analyticsGoogleSearch.CheckingGTM2"/>
</testsuite> <!-- analyticsGoogleSearch.CheckingGTM2 -->
