<?xml version="1.0" encoding="UTF-8"?>
<!-- Generated by org.testng.reporters.JUnitReportReporter -->
<testsuite skipped="0" hostname="INPUL5CG7232C74" name="productSearch.NumberOfProducts" tests="1" failures="0" timestamp="04 Nov 2019 04:56:52 GMT" time="28.716" errors="0">
  <testcase name="ProductSearchDESite" time="28.716" classname="productSearch.NumberOfProducts"/>
</testsuite> <!-- productSearch.NumberOfProducts -->
