<?xml version="1.0" encoding="UTF-8"?>
<!-- Generated by org.testng.reporters.JUnitReportReporter -->
<testsuite skipped="0" hostname="INPUL5CG7232C74" name="goliveChecks.Golive" tests="1" failures="0" timestamp="29 Nov 2018 08:23:13 GMT" time="170.760" errors="0">
  <testcase name="test" time="170.760" classname="goliveChecks.Golive"/>
</testsuite> <!-- goliveChecks.Golive -->
