<?xml version="1.0" encoding="UTF-8"?>
<!-- Generated by org.testng.reporters.JUnitReportReporter -->
<testsuite skipped="0" hostname="INPUL5CG7232C74" name="ReadFooter.FindSiteLanguages" tests="84" failures="0" timestamp="06 Feb 2019 14:36:23 GMT" time="2831.900" errors="0">
  <testcase name="siteHack" time="35.554" classname="ReadFooter.FindSiteLanguages"/>
  <testcase name="siteHack" time="40.864" classname="ReadFooter.FindSiteLanguages"/>
  <testcase name="siteHack" time="34.609" classname="ReadFooter.FindSiteLanguages"/>
  <testcase name="siteHack" time="17.372" classname="ReadFooter.FindSiteLanguages"/>
  <testcase name="siteHack" time="39.464" classname="ReadFooter.FindSiteLanguages"/>
  <testcase name="siteHack" time="41.768" classname="ReadFooter.FindSiteLanguages"/>
  <testcase name="siteHack" time="40.605" classname="ReadFooter.FindSiteLanguages"/>
  <testcase name="siteHack" time="42.105" classname="ReadFooter.FindSiteLanguages"/>
  <testcase name="siteHack" time="36.205" classname="ReadFooter.FindSiteLanguages"/>
  <testcase name="siteHack" time="37.258" classname="ReadFooter.FindSiteLanguages"/>
  <testcase name="siteHack" time="34.766" classname="ReadFooter.FindSiteLanguages"/>
  <testcase name="siteHack" time="31.345" classname="ReadFooter.FindSiteLanguages"/>
  <testcase name="siteHack" time="41.846" classname="ReadFooter.FindSiteLanguages"/>
  <testcase name="siteHack" time="31.846" classname="ReadFooter.FindSiteLanguages"/>
  <testcase name="siteHack" time="37.896" classname="ReadFooter.FindSiteLanguages"/>
  <testcase name="siteHack" time="33.357" classname="ReadFooter.FindSiteLanguages"/>
  <testcase name="siteHack" time="31.468" classname="ReadFooter.FindSiteLanguages"/>
  <testcase name="siteHack" time="31.945" classname="ReadFooter.FindSiteLanguages"/>
  <testcase name="siteHack" time="34.039" classname="ReadFooter.FindSiteLanguages"/>
  <testcase name="siteHack" time="34.306" classname="ReadFooter.FindSiteLanguages"/>
  <testcase name="siteHack" time="33.834" classname="ReadFooter.FindSiteLanguages"/>
  <testcase name="siteHack" time="32.994" classname="ReadFooter.FindSiteLanguages"/>
  <testcase name="siteHack" time="34.480" classname="ReadFooter.FindSiteLanguages"/>
  <testcase name="siteHack" time="35.909" classname="ReadFooter.FindSiteLanguages"/>
  <testcase name="siteHack" time="36.165" classname="ReadFooter.FindSiteLanguages"/>
  <testcase name="siteHack" time="35.932" classname="ReadFooter.FindSiteLanguages"/>
  <testcase name="siteHack" time="37.535" classname="ReadFooter.FindSiteLanguages"/>
  <testcase name="siteHack" time="36.885" classname="ReadFooter.FindSiteLanguages"/>
  <testcase name="siteHack" time="34.613" classname="ReadFooter.FindSiteLanguages"/>
  <testcase name="siteHack" time="31.655" classname="ReadFooter.FindSiteLanguages"/>
  <testcase name="siteHack" time="32.447" classname="ReadFooter.FindSiteLanguages"/>
  <testcase name="siteHack" time="35.165" classname="ReadFooter.FindSiteLanguages"/>
  <testcase name="siteHack" time="33.604" classname="ReadFooter.FindSiteLanguages"/>
  <testcase name="siteHack" time="36.714" classname="ReadFooter.FindSiteLanguages"/>
  <testcase name="siteHack" time="11.620" classname="ReadFooter.FindSiteLanguages"/>
  <testcase name="siteHack" time="36.167" classname="ReadFooter.FindSiteLanguages"/>
  <testcase name="siteHack" time="33.009" classname="ReadFooter.FindSiteLanguages"/>
  <testcase name="siteHack" time="33.545" classname="ReadFooter.FindSiteLanguages"/>
  <testcase name="siteHack" time="30.610" classname="ReadFooter.FindSiteLanguages"/>
  <testcase name="siteHack" time="33.022" classname="ReadFooter.FindSiteLanguages"/>
  <testcase name="siteHack" time="31.461" classname="ReadFooter.FindSiteLanguages"/>
  <testcase name="siteHack" time="31.863" classname="ReadFooter.FindSiteLanguages"/>
  <testcase name="siteHack" time="36.398" classname="ReadFooter.FindSiteLanguages"/>
  <testcase name="siteHack" time="37.319" classname="ReadFooter.FindSiteLanguages"/>
  <testcase name="siteHack" time="41.493" classname="ReadFooter.FindSiteLanguages"/>
  <testcase name="siteHack" time="34.028" classname="ReadFooter.FindSiteLanguages"/>
  <testcase name="siteHack" time="44.996" classname="ReadFooter.FindSiteLanguages"/>
  <testcase name="siteHack" time="31.001" classname="ReadFooter.FindSiteLanguages"/>
  <testcase name="siteHack" time="35.953" classname="ReadFooter.FindSiteLanguages"/>
  <testcase name="siteHack" time="37.973" classname="ReadFooter.FindSiteLanguages"/>
  <testcase name="siteHack" time="32.003" classname="ReadFooter.FindSiteLanguages"/>
  <testcase name="siteHack" time="34.898" classname="ReadFooter.FindSiteLanguages"/>
  <testcase name="siteHack" time="31.437" classname="ReadFooter.FindSiteLanguages"/>
  <testcase name="siteHack" time="17.693" classname="ReadFooter.FindSiteLanguages"/>
  <testcase name="siteHack" time="36.673" classname="ReadFooter.FindSiteLanguages"/>
  <testcase name="siteHack" time="31.542" classname="ReadFooter.FindSiteLanguages"/>
  <testcase name="siteHack" time="36.116" classname="ReadFooter.FindSiteLanguages"/>
  <testcase name="siteHack" time="32.647" classname="ReadFooter.FindSiteLanguages"/>
  <testcase name="siteHack" time="32.535" classname="ReadFooter.FindSiteLanguages"/>
  <testcase name="siteHack" time="38.539" classname="ReadFooter.FindSiteLanguages"/>
  <testcase name="siteHack" time="39.929" classname="ReadFooter.FindSiteLanguages"/>
  <testcase name="siteHack" time="34.167" classname="ReadFooter.FindSiteLanguages"/>
  <testcase name="siteHack" time="32.501" classname="ReadFooter.FindSiteLanguages"/>
  <testcase name="siteHack" time="35.626" classname="ReadFooter.FindSiteLanguages"/>
  <testcase name="siteHack" time="11.965" classname="ReadFooter.FindSiteLanguages"/>
  <testcase name="siteHack" time="33.028" classname="ReadFooter.FindSiteLanguages"/>
  <testcase name="siteHack" time="36.256" classname="ReadFooter.FindSiteLanguages"/>
  <testcase name="siteHack" time="36.255" classname="ReadFooter.FindSiteLanguages"/>
  <testcase name="siteHack" time="37.441" classname="ReadFooter.FindSiteLanguages"/>
  <testcase name="siteHack" time="17.118" classname="ReadFooter.FindSiteLanguages"/>
  <testcase name="siteHack" time="31.839" classname="ReadFooter.FindSiteLanguages"/>
  <testcase name="siteHack" time="39.063" classname="ReadFooter.FindSiteLanguages"/>
  <testcase name="siteHack" time="18.134" classname="ReadFooter.FindSiteLanguages"/>
  <testcase name="siteHack" time="31.951" classname="ReadFooter.FindSiteLanguages"/>
  <testcase name="siteHack" time="39.414" classname="ReadFooter.FindSiteLanguages"/>
  <testcase name="siteHack" time="34.167" classname="ReadFooter.FindSiteLanguages"/>
  <testcase name="siteHack" time="33.644" classname="ReadFooter.FindSiteLanguages"/>
  <testcase name="siteHack" time="31.585" classname="ReadFooter.FindSiteLanguages"/>
  <testcase name="siteHack" time="33.765" classname="ReadFooter.FindSiteLanguages"/>
  <testcase name="siteHack" time="32.742" classname="ReadFooter.FindSiteLanguages"/>
  <testcase name="siteHack" time="35.863" classname="ReadFooter.FindSiteLanguages"/>
  <testcase name="siteHack" time="30.673" classname="ReadFooter.FindSiteLanguages"/>
  <testcase name="siteHack" time="30.975" classname="ReadFooter.FindSiteLanguages"/>
  <testcase name="siteHack" time="32.708" classname="ReadFooter.FindSiteLanguages"/>
</testsuite> <!-- ReadFooter.FindSiteLanguages -->
