<?xml version="1.0" encoding="UTF-8"?>
<!-- Generated by org.testng.reporters.JUnitReportReporter -->
<testsuite skipped="0" hostname="INPUL5CG7232C74" name="whoisCheck.SiteChecking" tests="1" failures="0" timestamp="03 Jul 2018 12:04:53 GMT" time="19.364" errors="0">
  <testcase name="test" time="19.364" classname="whoisCheck.SiteChecking"/>
</testsuite> <!-- whoisCheck.SiteChecking -->
