<?xml version="1.0" encoding="UTF-8"?>
<!-- Generated by org.testng.reporters.JUnitReportReporter -->
<testsuite skipped="0" hostname="INPUL5CG7232C74" name="productSearch.CountingFranceSeedPages" tests="1" failures="0" timestamp="25 Jun 2019 04:43:35 GMT" time="19.812" errors="0">
  <testcase name="ProductSearchDESite" time="19.812" classname="productSearch.CountingFranceSeedPages"/>
</testsuite> <!-- productSearch.CountingFranceSeedPages -->
