<?xml version="1.0" encoding="UTF-8"?>
<!-- Generated by org.testng.reporters.JUnitReportReporter -->
<testsuite skipped="0" hostname="INPUL5CG7232C74" name="productSearch.ProductSearchRU" tests="1" failures="0" timestamp="05 Jun 2019 05:38:43 GMT" time="27.249" errors="0">
  <testcase name="ProductSearchRUSite" time="27.249" classname="productSearch.ProductSearchRU"/>
</testsuite> <!-- productSearch.ProductSearchRU -->
