<?xml version="1.0" encoding="UTF-8"?>
<!-- Generated by org.testng.reporters.JUnitReportReporter -->
<testsuite skipped="0" hostname="INPUL5CG7232C74" name="downloadPDF.PDFDownload" tests="1" failures="0" timestamp="15 Apr 2019 08:27:27 GMT" time="19.484" errors="0">
  <testcase name="downloadPDFfile" time="19.484" classname="downloadPDF.PDFDownload"/>
</testsuite> <!-- downloadPDF.PDFDownload -->
