<?xml version="1.0" encoding="UTF-8"?>
<!-- Generated by org.testng.reporters.JUnitReportReporter -->
<testsuite skipped="1" hostname="INPUL5CG7232C74" name="ReadFooter.ReadYear" tests="1" failures="0" timestamp="26 Sep 2018 10:42:53 GMT" time="0.000" errors="0">
  <testcase name="siteHack" time="0.000" classname="ReadFooter.ReadYear">
    <skipped/>
  </testcase> <!-- siteHack -->
</testsuite> <!-- ReadFooter.ReadYear -->
