<?xml version="1.0" encoding="UTF-8"?>
<!-- Generated by org.testng.reporters.JUnitReportReporter -->
<testsuite skipped="0" hostname="INPUL5CG7232C74" name="siteNavigation.LanguageCheck" tests="1" failures="0" timestamp="05 Dec 2018 17:52:04 GMT" time="20.475" errors="0">
  <testcase name="LanguageCheckSwitzerland" time="20.475" classname="siteNavigation.LanguageCheck"/>
</testsuite> <!-- siteNavigation.LanguageCheck -->
