<?xml version="1.0" encoding="UTF-8"?>
<!-- Generated by org.testng.reporters.JUnitReportReporter -->
<testsuite skipped="0" hostname="INPUL5CG7232C74" name="weatherWidget.CheckWeatherWidget" tests="64" failures="0" timestamp="28 Nov 2018 10:54:05 GMT" time="901.348" errors="0">
  <testcase name="CheckWeather" time="11.041" classname="weatherWidget.CheckWeatherWidget"/>
  <testcase name="CheckWeather" time="13.849" classname="weatherWidget.CheckWeatherWidget"/>
  <testcase name="CheckWeather" time="13.938" classname="weatherWidget.CheckWeatherWidget"/>
  <testcase name="CheckWeather" time="11.213" classname="weatherWidget.CheckWeatherWidget"/>
  <testcase name="CheckWeather" time="8.696" classname="weatherWidget.CheckWeatherWidget"/>
  <testcase name="CheckWeather" time="12.971" classname="weatherWidget.CheckWeatherWidget"/>
  <testcase name="CheckWeather" time="8.425" classname="weatherWidget.CheckWeatherWidget"/>
  <testcase name="CheckWeather" time="20.605" classname="weatherWidget.CheckWeatherWidget"/>
  <testcase name="CheckWeather" time="17.337" classname="weatherWidget.CheckWeatherWidget"/>
  <testcase name="CheckWeather" time="11.160" classname="weatherWidget.CheckWeatherWidget"/>
  <testcase name="CheckWeather" time="20.959" classname="weatherWidget.CheckWeatherWidget"/>
  <testcase name="CheckWeather" time="15.335" classname="weatherWidget.CheckWeatherWidget"/>
  <testcase name="CheckWeather" time="16.694" classname="weatherWidget.CheckWeatherWidget"/>
  <testcase name="CheckWeather" time="9.463" classname="weatherWidget.CheckWeatherWidget"/>
  <testcase name="CheckWeather" time="8.080" classname="weatherWidget.CheckWeatherWidget"/>
  <testcase name="CheckWeather" time="9.426" classname="weatherWidget.CheckWeatherWidget"/>
  <testcase name="CheckWeather" time="8.834" classname="weatherWidget.CheckWeatherWidget"/>
  <testcase name="CheckWeather" time="18.192" classname="weatherWidget.CheckWeatherWidget"/>
  <testcase name="CheckWeather" time="12.964" classname="weatherWidget.CheckWeatherWidget"/>
  <testcase name="CheckWeather" time="18.807" classname="weatherWidget.CheckWeatherWidget"/>
  <testcase name="CheckWeather" time="14.365" classname="weatherWidget.CheckWeatherWidget"/>
  <testcase name="CheckWeather" time="24.332" classname="weatherWidget.CheckWeatherWidget"/>
  <testcase name="CheckWeather" time="19.215" classname="weatherWidget.CheckWeatherWidget"/>
  <testcase name="CheckWeather" time="9.344" classname="weatherWidget.CheckWeatherWidget"/>
  <testcase name="CheckWeather" time="7.858" classname="weatherWidget.CheckWeatherWidget"/>
  <testcase name="CheckWeather" time="15.837" classname="weatherWidget.CheckWeatherWidget"/>
  <testcase name="CheckWeather" time="15.047" classname="weatherWidget.CheckWeatherWidget"/>
  <testcase name="CheckWeather" time="10.332" classname="weatherWidget.CheckWeatherWidget"/>
  <testcase name="CheckWeather" time="21.229" classname="weatherWidget.CheckWeatherWidget"/>
  <testcase name="CheckWeather" time="15.807" classname="weatherWidget.CheckWeatherWidget"/>
  <testcase name="CheckWeather" time="11.257" classname="weatherWidget.CheckWeatherWidget"/>
  <testcase name="CheckWeather" time="9.971" classname="weatherWidget.CheckWeatherWidget"/>
  <testcase name="CheckWeather" time="17.906" classname="weatherWidget.CheckWeatherWidget"/>
  <testcase name="CheckWeather" time="18.368" classname="weatherWidget.CheckWeatherWidget"/>
  <testcase name="CheckWeather" time="15.174" classname="weatherWidget.CheckWeatherWidget"/>
  <testcase name="CheckWeather" time="13.311" classname="weatherWidget.CheckWeatherWidget"/>
  <testcase name="CheckWeather" time="16.903" classname="weatherWidget.CheckWeatherWidget"/>
  <testcase name="CheckWeather" time="12.510" classname="weatherWidget.CheckWeatherWidget"/>
  <testcase name="CheckWeather" time="18.702" classname="weatherWidget.CheckWeatherWidget"/>
  <testcase name="CheckWeather" time="25.196" classname="weatherWidget.CheckWeatherWidget"/>
  <testcase name="CheckWeather" time="12.644" classname="weatherWidget.CheckWeatherWidget"/>
  <testcase name="CheckWeather" time="9.526" classname="weatherWidget.CheckWeatherWidget"/>
  <testcase name="CheckWeather" time="12.292" classname="weatherWidget.CheckWeatherWidget"/>
  <testcase name="CheckWeather" time="18.952" classname="weatherWidget.CheckWeatherWidget"/>
  <testcase name="CheckWeather" time="9.638" classname="weatherWidget.CheckWeatherWidget"/>
  <testcase name="CheckWeather" time="13.805" classname="weatherWidget.CheckWeatherWidget"/>
  <testcase name="CheckWeather" time="9.732" classname="weatherWidget.CheckWeatherWidget"/>
  <testcase name="CheckWeather" time="8.841" classname="weatherWidget.CheckWeatherWidget"/>
  <testcase name="CheckWeather" time="9.293" classname="weatherWidget.CheckWeatherWidget"/>
  <testcase name="CheckWeather" time="9.909" classname="weatherWidget.CheckWeatherWidget"/>
  <testcase name="CheckWeather" time="8.277" classname="weatherWidget.CheckWeatherWidget"/>
  <testcase name="CheckWeather" time="10.313" classname="weatherWidget.CheckWeatherWidget"/>
  <testcase name="CheckWeather" time="18.795" classname="weatherWidget.CheckWeatherWidget"/>
  <testcase name="CheckWeather" time="14.847" classname="weatherWidget.CheckWeatherWidget"/>
  <testcase name="CheckWeather" time="13.187" classname="weatherWidget.CheckWeatherWidget"/>
  <testcase name="CheckWeather" time="14.215" classname="weatherWidget.CheckWeatherWidget"/>
  <testcase name="CheckWeather" time="15.065" classname="weatherWidget.CheckWeatherWidget"/>
  <testcase name="CheckWeather" time="8.293" classname="weatherWidget.CheckWeatherWidget"/>
  <testcase name="CheckWeather" time="15.659" classname="weatherWidget.CheckWeatherWidget"/>
  <testcase name="CheckWeather" time="18.508" classname="weatherWidget.CheckWeatherWidget"/>
  <testcase name="CheckWeather" time="13.597" classname="weatherWidget.CheckWeatherWidget"/>
  <testcase name="CheckWeather" time="11.192" classname="weatherWidget.CheckWeatherWidget"/>
  <testcase name="CheckWeather" time="24.386" classname="weatherWidget.CheckWeatherWidget"/>
  <testcase name="CheckWeather" time="19.729" classname="weatherWidget.CheckWeatherWidget"/>
</testsuite> <!-- weatherWidget.CheckWeatherWidget -->
