<?xml version="1.0" encoding="UTF-8"?>
<!-- Generated by org.testng.reporters.JUnitReportReporter -->
<testsuite skipped="0" hostname="INPUL5CG7232C74" name="goliveChecks.Golive" tests="1" failures="0" timestamp="26 Jun 2019 09:19:22 GMT" time="272.096" errors="0">
  <testcase name="test" time="272.096" classname="goliveChecks.Golive"/>
</testsuite> <!-- goliveChecks.Golive -->
