<?xml version="1.0" encoding="UTF-8"?>
<!-- Generated by org.testng.reporters.JUnitReportReporter -->
<testsuite skipped="0" hostname="INPUL5CG7232C74" name="weatherWidget.CheckWeatherAPIs" tests="1" failures="0" timestamp="25 Jun 2019 05:35:19 GMT" time="14.224" errors="0">
  <testcase name="weatherAPIResponseCode" time="14.224" classname="weatherWidget.CheckWeatherAPIs"/>
</testsuite> <!-- weatherWidget.CheckWeatherAPIs -->
