<?xml version="1.0" encoding="UTF-8"?>
<!-- Generated by org.testng.reporters.JUnitReportReporter -->
<testsuite skipped="0" hostname="INPUL5CG7232C74" name="pages.RegionsInRegionContent" tests="1" failures="0" timestamp="28 Nov 2018 11:19:10 GMT" time="37.068" errors="0">
  <testcase name="RegionAvailable" time="37.068" classname="pages.RegionsInRegionContent"/>
</testsuite> <!-- pages.RegionsInRegionContent -->
