<?xml version="1.0" encoding="UTF-8"?>
<!-- Generated by org.testng.reporters.JUnitReportReporter -->
<testsuite skipped="0" hostname="INPUL5CG7232C74" name="productSearch.ProductSearchUK" tests="1" failures="0" timestamp="12 Dec 2019 10:22:53 GMT" time="20.020" errors="0">
  <testcase name="ProductSearchUKSite" time="20.020" classname="productSearch.ProductSearchUK"/>
</testsuite> <!-- productSearch.ProductSearchUK -->
