<?xml version="1.0" encoding="UTF-8"?>
<!-- Generated by org.testng.reporters.JUnitReportReporter -->
<testsuite skipped="0" hostname="INPUL5CG7232C74" name="excelData.SiteRunning" tests="2" failures="0" timestamp="23 May 2018 10:28:12 GMT" time="31.396" errors="0">
  <testcase name="siteHack" time="16.554" classname="excelData.SiteRunning"/>
  <testcase name="siteHack" time="14.842" classname="excelData.SiteRunning"/>
</testsuite> <!-- excelData.SiteRunning -->
