<?xml version="1.0" encoding="UTF-8"?>
<!-- Generated by org.testng.reporters.JUnitReportReporter -->
<testsuite skipped="8" hostname="INPUL5CG7232C74" name="excelData.TestRun" tests="111" failures="0" timestamp="25 Jun 2019 06:45:34 GMT" time="1988.930" errors="2">
  <testcase name="siteHack" time="17.471" classname="excelData.TestRun"/>
  <testcase name="siteHack" time="19.142" classname="excelData.TestRun"/>
  <testcase name="siteHack" time="15.036" classname="excelData.TestRun"/>
  <testcase name="siteHack" time="20.432" classname="excelData.TestRun"/>
  <testcase name="siteHack" time="14.541" classname="excelData.TestRun"/>
  <testcase name="siteHack" time="14.229" classname="excelData.TestRun"/>
  <testcase name="siteHack" time="15.604" classname="excelData.TestRun"/>
  <testcase name="siteHack" time="17.992" classname="excelData.TestRun"/>
  <testcase name="siteHack" time="15.985" classname="excelData.TestRun"/>
  <testcase name="siteHack" time="16.713" classname="excelData.TestRun"/>
  <testcase name="siteHack" time="18.042" classname="excelData.TestRun"/>
  <testcase name="siteHack" time="17.500" classname="excelData.TestRun"/>
  <testcase name="getResult" time="0.112" classname="excelData.TestRun">
    <error type="java.lang.NullPointerException">
      <![CDATA[java.lang.NullPointerException
at library.Utility1.getScreenshot(Utility1.java:16)
at library.BaseClass.getResult(BaseClass.java:43)
at sun.reflect.GeneratedMethodAccessor131.invoke(Unknown Source)
at sun.reflect.DelegatingMethodAccessorImpl.invoke(Unknown Source)
at java.lang.reflect.Method.invoke(Unknown Source)
at org.testng.internal.MethodInvocationHelper.invokeMethod(MethodInvocationHelper.java:124)
at org.testng.internal.MethodInvocationHelper.invokeMethodConsideringTimeout(MethodInvocationHelper.java:59)
at org.testng.internal.Invoker.invokeConfigurationMethod(Invoker.java:455)
at org.testng.internal.Invoker.invokeConfigurations(Invoker.java:222)
at org.testng.internal.Invoker.invokeMethod(Invoker.java:643)
at org.testng.internal.Invoker.invokeTestMethod(Invoker.java:716)
at org.testng.internal.Invoker.invokeTestMethods(Invoker.java:988)
at org.testng.internal.TestMethodWorker.invokeTestMethods(TestMethodWorker.java:125)
at org.testng.internal.TestMethodWorker.run(TestMethodWorker.java:109)
at org.testng.TestRunner.privateRun(TestRunner.java:648)
at org.testng.TestRunner.run(TestRunner.java:505)
at org.testng.SuiteRunner.runTest(SuiteRunner.java:455)
at org.testng.SuiteRunner.runSequentially(SuiteRunner.java:450)
at org.testng.SuiteRunner.privateRun(SuiteRunner.java:415)
at org.testng.SuiteRunner.run(SuiteRunner.java:364)
at org.testng.SuiteRunnerWorker.runSuite(SuiteRunnerWorker.java:52)
at org.testng.SuiteRunnerWorker.run(SuiteRunnerWorker.java:84)
at org.testng.TestNG.runSuitesSequentially(TestNG.java:1208)
at org.testng.TestNG.runSuitesLocally(TestNG.java:1137)
at org.testng.TestNG.runSuites(TestNG.java:1049)
at org.testng.TestNG.run(TestNG.java:1017)
at org.testng.remote.AbstractRemoteTestNG.run(AbstractRemoteTestNG.java:114)
at org.testng.remote.RemoteTestNG.initAndRun(RemoteTestNG.java:251)
at org.testng.remote.RemoteTestNG.main(RemoteTestNG.java:77)
]]>
    </error>
  </testcase> <!-- getResult -->
  <testcase name="siteHack" time="19.677" classname="excelData.TestRun"/>
  <testcase name="siteHack" time="16.229" classname="excelData.TestRun"/>
  <testcase name="siteHack" time="19.580" classname="excelData.TestRun"/>
  <testcase name="siteHack" time="29.010" classname="excelData.TestRun"/>
  <testcase name="siteHack" time="21.397" classname="excelData.TestRun"/>
  <testcase name="siteHack" time="15.151" classname="excelData.TestRun"/>
  <testcase name="siteHack" time="12.377" classname="excelData.TestRun"/>
  <testcase name="siteHack" time="21.799" classname="excelData.TestRun"/>
  <testcase name="siteHack" time="25.023" classname="excelData.TestRun"/>
  <testcase name="siteHack" time="15.376" classname="excelData.TestRun"/>
  <testcase name="siteHack" time="20.038" classname="excelData.TestRun"/>
  <testcase name="siteHack" time="19.681" classname="excelData.TestRun"/>
  <testcase name="siteHack" time="4.078" classname="excelData.TestRun">
    <error type="org.openqa.selenium.WebDriverException" message="unknown error: unhandled inspector error: {&quot;code&quot;:-32000,&quot;message&quot;:&quot;Cannot navigate to invalid URL&quot;}
  (Session info: chrome=72.0.3626.121)
  (Driver info: chromedriver=2.41.578737 (49da6702b16031c40d63e5618de03a32ff6c197e),platform=Windows NT 10.0.17134 x86_64) (WARNING: The server did not provide any stacktrace information)
Command duration or timeout: 0 milliseconds
Build info: version: &#039;3.14.0&#039;, revision: &#039;aacccce0&#039;, time: &#039;2018-08-02T20:13:22.693Z&#039;
System info: host: &#039;INPUL5CG7232C74&#039;, ip: &#039;192.168.0.101&#039;, os.name: &#039;Windows 10&#039;, os.arch: &#039;amd64&#039;, os.version: &#039;10.0&#039;, java.version: &#039;1.8.0_181&#039;
Driver info: org.openqa.selenium.chrome.ChromeDriver
Capabilities {acceptInsecureCerts: false, acceptSslCerts: false, applicationCacheEnabled: false, browserConnectionEnabled: false, browserName: chrome, chrome: {chromedriverVersion: 2.41.578737 (49da6702b16031..., userDataDir: C:\Users\u955590\AppData\Lo...}, cssSelectorsEnabled: true, databaseEnabled: false, goog:chromeOptions: {debuggerAddress: localhost:55657}, handlesAlerts: true, hasTouchScreen: false, javascriptEnabled: true, locationContextEnabled: true, mobileEmulationEnabled: false, nativeEvents: true, networkConnectionEnabled: false, pageLoadStrategy: normal, platform: XP, platformName: XP, rotatable: false, setWindowRect: true, takesHeapSnapshot: true, takesScreenshot: true, unexpectedAlertBehaviour: , unhandledPromptBehavior: , version: 72.0.3626.121, webStorageEnabled: true}
Session ID: 9461bd8cf54a603c41c6e9a78baf62aa">
      <![CDATA[org.openqa.selenium.WebDriverException: unknown error: unhandled inspector error: {"code":-32000,"message":"Cannot navigate to invalid URL"}
  (Session info: chrome=72.0.3626.121)
  (Driver info: chromedriver=2.41.578737 (49da6702b16031c40d63e5618de03a32ff6c197e),platform=Windows NT 10.0.17134 x86_64) (WARNING: The server did not provide any stacktrace information)
Command duration or timeout: 0 milliseconds
Build info: version: '3.14.0', revision: 'aacccce0', time: '2018-08-02T20:13:22.693Z'
System info: host: 'INPUL5CG7232C74', ip: '192.168.0.101', os.name: 'Windows 10', os.arch: 'amd64', os.version: '10.0', java.version: '1.8.0_181'
Driver info: org.openqa.selenium.chrome.ChromeDriver
Capabilities {acceptInsecureCerts: false, acceptSslCerts: false, applicationCacheEnabled: false, browserConnectionEnabled: false, browserName: chrome, chrome: {chromedriverVersion: 2.41.578737 (49da6702b16031..., userDataDir: C:\Users\u955590\AppData\Lo...}, cssSelectorsEnabled: true, databaseEnabled: false, goog:chromeOptions: {debuggerAddress: localhost:55657}, handlesAlerts: true, hasTouchScreen: false, javascriptEnabled: true, locationContextEnabled: true, mobileEmulationEnabled: false, nativeEvents: true, networkConnectionEnabled: false, pageLoadStrategy: normal, platform: XP, platformName: XP, rotatable: false, setWindowRect: true, takesHeapSnapshot: true, takesScreenshot: true, unexpectedAlertBehaviour: , unhandledPromptBehavior: , version: 72.0.3626.121, webStorageEnabled: true}
Session ID: 9461bd8cf54a603c41c6e9a78baf62aa
at sun.reflect.NativeConstructorAccessorImpl.newInstance0(Native Method)
at sun.reflect.NativeConstructorAccessorImpl.newInstance(Unknown Source)
at sun.reflect.DelegatingConstructorAccessorImpl.newInstance(Unknown Source)
at java.lang.reflect.Constructor.newInstance(Unknown Source)
at org.openqa.selenium.remote.ErrorHandler.createThrowable(ErrorHandler.java:214)
at org.openqa.selenium.remote.ErrorHandler.throwIfResponseFailed(ErrorHandler.java:166)
at org.openqa.selenium.remote.http.JsonHttpResponseCodec.reconstructValue(JsonHttpResponseCodec.java:40)
at org.openqa.selenium.remote.http.AbstractHttpResponseCodec.decode(AbstractHttpResponseCodec.java:80)
at org.openqa.selenium.remote.http.AbstractHttpResponseCodec.decode(AbstractHttpResponseCodec.java:44)
at org.openqa.selenium.remote.HttpCommandExecutor.execute(HttpCommandExecutor.java:158)
at org.openqa.selenium.remote.service.DriverCommandExecutor.execute(DriverCommandExecutor.java:83)
at org.openqa.selenium.remote.RemoteWebDriver.execute(RemoteWebDriver.java:548)
at org.openqa.selenium.remote.RemoteWebDriver.get(RemoteWebDriver.java:276)
at excelData.TestRun.siteHack(TestRun.java:33)
at sun.reflect.GeneratedMethodAccessor48.invoke(Unknown Source)
at sun.reflect.DelegatingMethodAccessorImpl.invoke(Unknown Source)
at java.lang.reflect.Method.invoke(Unknown Source)
at org.testng.internal.MethodInvocationHelper.invokeMethod(MethodInvocationHelper.java:124)
at org.testng.internal.Invoker.invokeMethod(Invoker.java:580)
at org.testng.internal.Invoker.invokeTestMethod(Invoker.java:716)
at org.testng.internal.Invoker.invokeTestMethods(Invoker.java:988)
at org.testng.internal.TestMethodWorker.invokeTestMethods(TestMethodWorker.java:125)
at org.testng.internal.TestMethodWorker.run(TestMethodWorker.java:109)
at org.testng.TestRunner.privateRun(TestRunner.java:648)
at org.testng.TestRunner.run(TestRunner.java:505)
at org.testng.SuiteRunner.runTest(SuiteRunner.java:455)
at org.testng.SuiteRunner.runSequentially(SuiteRunner.java:450)
at org.testng.SuiteRunner.privateRun(SuiteRunner.java:415)
at org.testng.SuiteRunner.run(SuiteRunner.java:364)
at org.testng.SuiteRunnerWorker.runSuite(SuiteRunnerWorker.java:52)
at org.testng.SuiteRunnerWorker.run(SuiteRunnerWorker.java:84)
at org.testng.TestNG.runSuitesSequentially(TestNG.java:1208)
at org.testng.TestNG.runSuitesLocally(TestNG.java:1137)
at org.testng.TestNG.runSuites(TestNG.java:1049)
at org.testng.TestNG.run(TestNG.java:1017)
at org.testng.remote.AbstractRemoteTestNG.run(AbstractRemoteTestNG.java:114)
at org.testng.remote.RemoteTestNG.initAndRun(RemoteTestNG.java:251)
at org.testng.remote.RemoteTestNG.main(RemoteTestNG.java:77)
]]>
    </error>
  </testcase> <!-- siteHack -->
  <testcase name="siteHack" time="19.412" classname="excelData.TestRun"/>
  <testcase name="siteHack" time="20.628" classname="excelData.TestRun"/>
  <testcase name="siteHack" time="0.001" classname="excelData.TestRun">
    <skipped/>
  </testcase> <!-- siteHack -->
  <testcase name="siteHack" time="16.720" classname="excelData.TestRun"/>
  <testcase name="siteHack" time="13.842" classname="excelData.TestRun"/>
  <testcase name="siteHack" time="22.472" classname="excelData.TestRun"/>
  <testcase name="siteHack" time="19.389" classname="excelData.TestRun"/>
  <testcase name="siteHack" time="17.776" classname="excelData.TestRun"/>
  <testcase name="siteHack" time="34.538" classname="excelData.TestRun"/>
  <testcase name="siteHack" time="15.911" classname="excelData.TestRun"/>
  <testcase name="siteHack" time="14.588" classname="excelData.TestRun"/>
  <testcase name="siteHack" time="19.249" classname="excelData.TestRun"/>
  <testcase name="siteHack" time="0.001" classname="excelData.TestRun">
    <skipped/>
  </testcase> <!-- siteHack -->
  <testcase name="siteHack" time="14.331" classname="excelData.TestRun"/>
  <testcase name="siteHack" time="21.298" classname="excelData.TestRun"/>
  <testcase name="siteHack" time="12.964" classname="excelData.TestRun"/>
  <testcase name="siteHack" time="19.578" classname="excelData.TestRun"/>
  <testcase name="siteHack" time="13.530" classname="excelData.TestRun"/>
  <testcase name="siteHack" time="19.858" classname="excelData.TestRun"/>
  <testcase name="siteHack" time="0.001" classname="excelData.TestRun">
    <skipped/>
  </testcase> <!-- siteHack -->
  <testcase name="siteHack" time="20.149" classname="excelData.TestRun"/>
  <testcase name="siteHack" time="34.040" classname="excelData.TestRun"/>
  <testcase name="siteHack" time="15.772" classname="excelData.TestRun"/>
  <testcase name="siteHack" time="23.575" classname="excelData.TestRun"/>
  <testcase name="siteHack" time="22.409" classname="excelData.TestRun"/>
  <testcase name="siteHack" time="24.362" classname="excelData.TestRun"/>
  <testcase name="siteHack" time="18.842" classname="excelData.TestRun"/>
  <testcase name="siteHack" time="19.101" classname="excelData.TestRun"/>
  <testcase name="siteHack" time="41.670" classname="excelData.TestRun"/>
  <testcase name="siteHack" time="23.193" classname="excelData.TestRun"/>
  <testcase name="siteHack" time="16.528" classname="excelData.TestRun"/>
  <testcase name="siteHack" time="18.932" classname="excelData.TestRun"/>
  <testcase name="siteHack" time="31.659" classname="excelData.TestRun"/>
  <testcase name="siteHack" time="16.037" classname="excelData.TestRun"/>
  <testcase name="siteHack" time="0.001" classname="excelData.TestRun">
    <skipped/>
  </testcase> <!-- siteHack -->
  <testcase name="siteHack" time="17.885" classname="excelData.TestRun"/>
  <testcase name="siteHack" time="16.740" classname="excelData.TestRun"/>
  <testcase name="siteHack" time="0.000" classname="excelData.TestRun">
    <skipped/>
  </testcase> <!-- siteHack -->
  <testcase name="siteHack" time="24.413" classname="excelData.TestRun"/>
  <testcase name="siteHack" time="15.799" classname="excelData.TestRun"/>
  <testcase name="siteHack" time="23.869" classname="excelData.TestRun"/>
  <testcase name="siteHack" time="21.194" classname="excelData.TestRun"/>
  <testcase name="siteHack" time="24.936" classname="excelData.TestRun"/>
  <testcase name="siteHack" time="14.852" classname="excelData.TestRun"/>
  <testcase name="siteHack" time="24.942" classname="excelData.TestRun"/>
  <testcase name="siteHack" time="20.347" classname="excelData.TestRun"/>
  <testcase name="siteHack" time="18.772" classname="excelData.TestRun"/>
  <testcase name="siteHack" time="19.936" classname="excelData.TestRun"/>
  <testcase name="siteHack" time="18.451" classname="excelData.TestRun"/>
  <testcase name="siteHack" time="21.486" classname="excelData.TestRun"/>
  <testcase name="siteHack" time="20.809" classname="excelData.TestRun"/>
  <testcase name="siteHack" time="20.182" classname="excelData.TestRun"/>
  <testcase name="siteHack" time="14.370" classname="excelData.TestRun"/>
  <testcase name="siteHack" time="11.651" classname="excelData.TestRun"/>
  <testcase name="siteHack" time="0.000" classname="excelData.TestRun">
    <skipped/>
  </testcase> <!-- siteHack -->
  <testcase name="siteHack" time="14.857" classname="excelData.TestRun"/>
  <testcase name="siteHack" time="23.736" classname="excelData.TestRun"/>
  <testcase name="siteHack" time="17.231" classname="excelData.TestRun"/>
  <testcase name="siteHack" time="19.804" classname="excelData.TestRun"/>
  <testcase name="siteHack" time="18.327" classname="excelData.TestRun"/>
  <testcase name="siteHack" time="26.995" classname="excelData.TestRun"/>
  <testcase name="siteHack" time="18.928" classname="excelData.TestRun"/>
  <testcase name="siteHack" time="14.714" classname="excelData.TestRun"/>
  <testcase name="siteHack" time="12.362" classname="excelData.TestRun"/>
  <testcase name="siteHack" time="17.857" classname="excelData.TestRun"/>
  <testcase name="siteHack" time="15.214" classname="excelData.TestRun"/>
  <testcase name="siteHack" time="0.003" classname="excelData.TestRun">
    <skipped/>
  </testcase> <!-- siteHack -->
  <testcase name="siteHack" time="13.568" classname="excelData.TestRun"/>
  <testcase name="siteHack" time="16.405" classname="excelData.TestRun"/>
  <testcase name="siteHack" time="16.454" classname="excelData.TestRun"/>
  <testcase name="siteHack" time="45.625" classname="excelData.TestRun"/>
  <testcase name="siteHack" time="16.961" classname="excelData.TestRun"/>
  <testcase name="siteHack" time="24.748" classname="excelData.TestRun"/>
  <testcase name="siteHack" time="35.906" classname="excelData.TestRun"/>
  <testcase name="siteHack" time="16.767" classname="excelData.TestRun"/>
  <testcase name="siteHack" time="17.686" classname="excelData.TestRun"/>
  <testcase name="siteHack" time="16.925" classname="excelData.TestRun"/>
  <testcase name="siteHack" time="15.875" classname="excelData.TestRun"/>
  <testcase name="siteHack" time="25.566" classname="excelData.TestRun"/>
  <testcase name="siteHack" time="17.350" classname="excelData.TestRun"/>
  <testcase name="siteHack" time="14.299" classname="excelData.TestRun"/>
  <testcase name="siteHack" time="17.535" classname="excelData.TestRun"/>
  <testcase name="siteHack" time="16.343" classname="excelData.TestRun"/>
  <testcase name="siteHack" time="0.000" classname="excelData.TestRun">
    <skipped/>
  </testcase> <!-- siteHack -->
  <testcase name="siteHack" time="25.683" classname="excelData.TestRun"/>
</testsuite> <!-- excelData.TestRun -->
