<?xml version="1.0" encoding="UTF-8"?>
<!-- Generated by org.testng.reporters.JUnitReportReporter -->
<testsuite skipped="0" hostname="INPUL5CG7232C74" name="userProfile.CheckSocial" tests="1" failures="0" timestamp="30 May 2019 11:13:09 GMT" time="22.815" errors="0">
  <testcase name="socialLogin" time="22.815" classname="userProfile.CheckSocial"/>
</testsuite> <!-- userProfile.CheckSocial -->
