<?xml version="1.0" encoding="UTF-8"?>
<!-- Generated by org.testng.reporters.JUnitReportReporter -->
<testsuite skipped="0" hostname="INPUL5CG7232C74" name="productSearch.ProductSearchUK" tests="1" failures="0" timestamp="21 Nov 2018 12:15:09 GMT" time="33.445" errors="0">
  <testcase name="ProductSearchUKSite" time="33.445" classname="productSearch.ProductSearchUK"/>
</testsuite> <!-- productSearch.ProductSearchUK -->
