<?xml version="1.0" encoding="UTF-8"?>
<!-- Generated by org.testng.reporters.JUnitReportReporter -->
<testsuite skipped="0" hostname="INPUL5CG7232C74" name="productSearch.SearchFunctionality" tests="1" failures="0" timestamp="12 Dec 2019 10:22:08 GMT" time="95.524" errors="0">
  <testcase name="SearchFunctionalitySite" time="95.524" classname="productSearch.SearchFunctionality"/>
</testsuite> <!-- productSearch.SearchFunctionality -->
