<?xml version="1.0" encoding="UTF-8"?>
<!-- Generated by org.testng.reporters.JUnitReportReporter -->
<testsuite skipped="0" hostname="INPUL5CG7232C74" name="excelData.TestRun" tests="83" failures="0" timestamp="28 Nov 2018 09:46:17 GMT" time="1438.877" errors="0">
  <testcase name="siteHack" time="13.176" classname="excelData.TestRun"/>
  <testcase name="siteHack" time="26.701" classname="excelData.TestRun"/>
  <testcase name="siteHack" time="12.584" classname="excelData.TestRun"/>
  <testcase name="siteHack" time="11.946" classname="excelData.TestRun"/>
  <testcase name="siteHack" time="22.356" classname="excelData.TestRun"/>
  <testcase name="siteHack" time="16.768" classname="excelData.TestRun"/>
  <testcase name="siteHack" time="13.989" classname="excelData.TestRun"/>
  <testcase name="siteHack" time="10.586" classname="excelData.TestRun"/>
  <testcase name="siteHack" time="11.630" classname="excelData.TestRun"/>
  <testcase name="siteHack" time="13.349" classname="excelData.TestRun"/>
  <testcase name="siteHack" time="12.160" classname="excelData.TestRun"/>
  <testcase name="siteHack" time="17.236" classname="excelData.TestRun"/>
  <testcase name="siteHack" time="21.613" classname="excelData.TestRun"/>
  <testcase name="siteHack" time="25.179" classname="excelData.TestRun"/>
  <testcase name="siteHack" time="11.021" classname="excelData.TestRun"/>
  <testcase name="siteHack" time="19.116" classname="excelData.TestRun"/>
  <testcase name="siteHack" time="15.488" classname="excelData.TestRun"/>
  <testcase name="siteHack" time="32.199" classname="excelData.TestRun"/>
  <testcase name="siteHack" time="16.834" classname="excelData.TestRun"/>
  <testcase name="siteHack" time="10.977" classname="excelData.TestRun"/>
  <testcase name="siteHack" time="11.224" classname="excelData.TestRun"/>
  <testcase name="siteHack" time="14.708" classname="excelData.TestRun"/>
  <testcase name="siteHack" time="13.187" classname="excelData.TestRun"/>
  <testcase name="siteHack" time="19.516" classname="excelData.TestRun"/>
  <testcase name="siteHack" time="19.612" classname="excelData.TestRun"/>
  <testcase name="siteHack" time="24.508" classname="excelData.TestRun"/>
  <testcase name="siteHack" time="11.547" classname="excelData.TestRun"/>
  <testcase name="siteHack" time="24.561" classname="excelData.TestRun"/>
  <testcase name="siteHack" time="17.312" classname="excelData.TestRun"/>
  <testcase name="siteHack" time="13.998" classname="excelData.TestRun"/>
  <testcase name="siteHack" time="10.676" classname="excelData.TestRun"/>
  <testcase name="siteHack" time="26.921" classname="excelData.TestRun"/>
  <testcase name="siteHack" time="11.845" classname="excelData.TestRun"/>
  <testcase name="siteHack" time="19.592" classname="excelData.TestRun"/>
  <testcase name="siteHack" time="11.187" classname="excelData.TestRun"/>
  <testcase name="siteHack" time="27.644" classname="excelData.TestRun"/>
  <testcase name="siteHack" time="17.064" classname="excelData.TestRun"/>
  <testcase name="siteHack" time="17.060" classname="excelData.TestRun"/>
  <testcase name="siteHack" time="12.617" classname="excelData.TestRun"/>
  <testcase name="siteHack" time="18.055" classname="excelData.TestRun"/>
  <testcase name="siteHack" time="17.002" classname="excelData.TestRun"/>
  <testcase name="siteHack" time="15.360" classname="excelData.TestRun"/>
  <testcase name="siteHack" time="14.683" classname="excelData.TestRun"/>
  <testcase name="siteHack" time="27.297" classname="excelData.TestRun"/>
  <testcase name="siteHack" time="14.196" classname="excelData.TestRun"/>
  <testcase name="siteHack" time="11.297" classname="excelData.TestRun"/>
  <testcase name="siteHack" time="14.387" classname="excelData.TestRun"/>
  <testcase name="siteHack" time="14.339" classname="excelData.TestRun"/>
  <testcase name="siteHack" time="28.031" classname="excelData.TestRun"/>
  <testcase name="siteHack" time="21.312" classname="excelData.TestRun"/>
  <testcase name="siteHack" time="11.356" classname="excelData.TestRun"/>
  <testcase name="siteHack" time="17.073" classname="excelData.TestRun"/>
  <testcase name="siteHack" time="10.078" classname="excelData.TestRun"/>
  <testcase name="siteHack" time="20.280" classname="excelData.TestRun"/>
  <testcase name="siteHack" time="24.240" classname="excelData.TestRun"/>
  <testcase name="siteHack" time="11.593" classname="excelData.TestRun"/>
  <testcase name="siteHack" time="17.299" classname="excelData.TestRun"/>
  <testcase name="siteHack" time="11.127" classname="excelData.TestRun"/>
  <testcase name="siteHack" time="22.991" classname="excelData.TestRun"/>
  <testcase name="siteHack" time="12.676" classname="excelData.TestRun"/>
  <testcase name="siteHack" time="13.782" classname="excelData.TestRun"/>
  <testcase name="siteHack" time="10.112" classname="excelData.TestRun"/>
  <testcase name="siteHack" time="11.891" classname="excelData.TestRun"/>
  <testcase name="siteHack" time="10.606" classname="excelData.TestRun"/>
  <testcase name="siteHack" time="13.041" classname="excelData.TestRun"/>
  <testcase name="siteHack" time="12.820" classname="excelData.TestRun"/>
  <testcase name="siteHack" time="15.297" classname="excelData.TestRun"/>
  <testcase name="siteHack" time="18.220" classname="excelData.TestRun"/>
  <testcase name="siteHack" time="18.320" classname="excelData.TestRun"/>
  <testcase name="siteHack" time="27.726" classname="excelData.TestRun"/>
  <testcase name="siteHack" time="21.151" classname="excelData.TestRun"/>
  <testcase name="siteHack" time="14.457" classname="excelData.TestRun"/>
  <testcase name="siteHack" time="23.570" classname="excelData.TestRun"/>
  <testcase name="siteHack" time="20.458" classname="excelData.TestRun"/>
  <testcase name="siteHack" time="10.803" classname="excelData.TestRun"/>
  <testcase name="siteHack" time="18.756" classname="excelData.TestRun"/>
  <testcase name="siteHack" time="29.105" classname="excelData.TestRun"/>
  <testcase name="siteHack" time="20.951" classname="excelData.TestRun"/>
  <testcase name="siteHack" time="14.988" classname="excelData.TestRun"/>
  <testcase name="siteHack" time="19.393" classname="excelData.TestRun"/>
  <testcase name="siteHack" time="11.004" classname="excelData.TestRun"/>
  <testcase name="siteHack" time="19.787" classname="excelData.TestRun"/>
  <testcase name="siteHack" time="48.280" classname="excelData.TestRun"/>
</testsuite> <!-- excelData.TestRun -->
