<?xml version="1.0" encoding="UTF-8"?>
<!-- Generated by org.testng.reporters.JUnitReportReporter -->
<testsuite skipped="0" hostname="INPUL5CG7232C74" name="productSearch.ProductSearchRU" tests="1" failures="0" timestamp="19 Nov 2019 06:49:40 GMT" time="22.917" errors="0">
  <testcase name="ProductSearchRUSite" time="22.917" classname="productSearch.ProductSearchRU"/>
</testsuite> <!-- productSearch.ProductSearchRU -->
