<?xml version="1.0" encoding="UTF-8"?>
<!-- Generated by org.testng.reporters.JUnitReportReporter -->
<testsuite skipped="0" hostname="INPUL5CG7232C74" name="excelData.SiteInDrupal" tests="14" failures="0" timestamp="25 Apr 2019 17:43:57 GMT" time="345.820" errors="0">
  <testcase name="siteInWhichServer" time="27.168" classname="excelData.SiteInDrupal"/>
  <testcase name="siteInWhichServer" time="41.073" classname="excelData.SiteInDrupal"/>
  <testcase name="siteInWhichServer" time="23.147" classname="excelData.SiteInDrupal"/>
  <testcase name="siteInWhichServer" time="14.695" classname="excelData.SiteInDrupal"/>
  <testcase name="siteInWhichServer" time="15.236" classname="excelData.SiteInDrupal"/>
  <testcase name="siteInWhichServer" time="17.316" classname="excelData.SiteInDrupal"/>
  <testcase name="siteInWhichServer" time="15.788" classname="excelData.SiteInDrupal"/>
  <testcase name="siteInWhichServer" time="16.590" classname="excelData.SiteInDrupal"/>
  <testcase name="siteInWhichServer" time="42.176" classname="excelData.SiteInDrupal"/>
  <testcase name="siteInWhichServer" time="16.284" classname="excelData.SiteInDrupal"/>
  <testcase name="siteInWhichServer" time="17.848" classname="excelData.SiteInDrupal"/>
  <testcase name="siteInWhichServer" time="19.498" classname="excelData.SiteInDrupal"/>
  <testcase name="siteInWhichServer" time="54.888" classname="excelData.SiteInDrupal"/>
  <testcase name="siteInWhichServer" time="24.113" classname="excelData.SiteInDrupal"/>
</testsuite> <!-- excelData.SiteInDrupal -->
