<?xml version="1.0" encoding="UTF-8"?>
<!-- Generated by org.testng.reporters.JUnitReportReporter -->
<testsuite skipped="0" hostname="INPUL5CG7232C74" name="goliveChecks.PostGoLiveChecks" tests="1" failures="0" timestamp="28 Nov 2018 07:56:37 GMT" time="100.604" errors="0">
  <testcase name="Analytics" time="100.604" classname="goliveChecks.PostGoLiveChecks"/>
</testsuite> <!-- goliveChecks.PostGoLiveChecks -->
