<?xml version="1.0" encoding="UTF-8"?>
<!-- Generated by org.testng.reporters.JUnitReportReporter -->
<testsuite skipped="0" hostname="INPUL5CG7232C74" name="guru99Project.TestCase3" tests="1" failures="0" timestamp="30 Aug 2019 04:52:10 GMT" time="39.676" errors="0">
  <testcase name="testTestCase2" time="39.676" classname="guru99Project.TestCase3"/>
</testsuite> <!-- guru99Project.TestCase3 -->
