<?xml version="1.0" encoding="UTF-8"?>
<!-- Generated by org.testng.reporters.JUnitReportReporter -->
<testsuite skipped="0" hostname="INPUL5CG7232C74" name="productSearch.ProductSearchIT" tests="1" failures="0" timestamp="07 Dec 2018 11:50:04 GMT" time="23.126" errors="0">
  <testcase name="ProductSearchITSite" time="23.126" classname="productSearch.ProductSearchIT"/>
</testsuite> <!-- productSearch.ProductSearchIT -->
