<?xml version="1.0" encoding="UTF-8"?>
<!-- Generated by org.testng.reporters.JUnitReportReporter -->
<testsuite skipped="0" hostname="INPUL5CG7232C74" name="productSearch.SearchFunctionality" tests="1" failures="0" timestamp="05 Jun 2019 05:41:37 GMT" time="104.637" errors="0">
  <testcase name="SearchFunctionalitySite" time="104.637" classname="productSearch.SearchFunctionality"/>
</testsuite> <!-- productSearch.SearchFunctionality -->
