<?xml version="1.0" encoding="UTF-8"?>
<!-- Generated by org.testng.reporters.JUnitReportReporter -->
<testsuite skipped="0" hostname="INPUL5CG7232C74" name="whoisCheck.SiteChecking" tests="1" failures="0" timestamp="21 Aug 2019 11:14:53 GMT" time="35.472" errors="0">
  <testcase name="test" time="35.472" classname="whoisCheck.SiteChecking"/>
</testsuite> <!-- whoisCheck.SiteChecking -->
