<?xml version="1.0" encoding="UTF-8"?>
<!-- Generated by org.testng.reporters.JUnitReportReporter -->
<testsuite skipped="0" hostname="INPUL5CG7232C74" name="siteNavigation.LanguageCheck" tests="1" failures="0" timestamp="28 Nov 2018 09:54:49 GMT" time="26.650" errors="0">
  <testcase name="LanguageCheckSwitzerland" time="26.650" classname="siteNavigation.LanguageCheck"/>
</testsuite> <!-- siteNavigation.LanguageCheck -->
