<?xml version="1.0" encoding="UTF-8"?>
<!-- Generated by org.testng.reporters.JUnitReportReporter -->
<testsuite skipped="0" hostname="INPUL5CG7232C74" name="productSearch.CountingFranceSeedPages" tests="1" failures="0" timestamp="23 Oct 2019 04:08:56 GMT" time="23.418" errors="0">
  <testcase name="ProductSearchDESite" time="23.418" classname="productSearch.CountingFranceSeedPages"/>
</testsuite> <!-- productSearch.CountingFranceSeedPages -->
