<?xml version="1.0" encoding="UTF-8"?>
<!-- Generated by org.testng.reporters.JUnitReportReporter -->
<testsuite skipped="0" hostname="INPUL5CG7232C74" name="productSearch.NumberOfProducts" tests="1" failures="0" timestamp="25 Jun 2019 04:43:06 GMT" time="22.298" errors="0">
  <testcase name="ProductSearchDESite" time="22.298" classname="productSearch.NumberOfProducts"/>
</testsuite> <!-- productSearch.NumberOfProducts -->
