<?xml version="1.0" encoding="UTF-8"?>
<!-- Generated by org.testng.reporters.JUnitReportReporter -->
<testsuite skipped="0" hostname="INPUL5CG7232C74" name="productSearch.ProductSearchIT" tests="1" failures="0" timestamp="27 Mar 2019 06:41:38 GMT" time="27.469" errors="0">
  <testcase name="ProductSearchITSite" time="27.469" classname="productSearch.ProductSearchIT"/>
</testsuite> <!-- productSearch.ProductSearchIT -->
