<?xml version="1.0" encoding="UTF-8"?>
<!-- Generated by org.testng.reporters.JUnitReportReporter -->
<testsuite skipped="1" hostname="INPUL5CG7232C74" name="excelData.SyngentaSiteHost" tests="1" failures="0" timestamp="25 Apr 2019 12:23:49 GMT" time="0.000" errors="0">
  <testcase name="siteInWhichServer" time="0.000" classname="excelData.SyngentaSiteHost">
    <skipped/>
  </testcase> <!-- siteInWhichServer -->
</testsuite> <!-- excelData.SyngentaSiteHost -->
