<?xml version="1.0" encoding="UTF-8"?>
<!-- Generated by org.testng.reporters.JUnitReportReporter -->
<testsuite skipped="0" hostname="INPUL5CG7232C74" name="api.WeatherAPI" tests="1" failures="0" timestamp="20 Nov 2018 12:18:40 GMT" time="14.597" errors="0">
  <testcase name="testResponseCode" time="14.597" classname="api.WeatherAPI"/>
</testsuite> <!-- api.WeatherAPI -->
