<?xml version="1.0" encoding="UTF-8"?>
<!-- Generated by org.testng.reporters.JUnitReportReporter -->
<testsuite skipped="0" hostname="INPUL5CG7232C74" name="pages.RegionsExist" tests="1" failures="0" timestamp="28 Nov 2018 11:20:04 GMT" time="39.253" errors="0">
  <testcase name="RegionAvailable" time="39.253" classname="pages.RegionsExist"/>
</testsuite> <!-- pages.RegionsExist -->
