<?xml version="1.0" encoding="UTF-8"?>
<!-- Generated by org.testng.reporters.JUnitReportReporter -->
<testsuite skipped="0" hostname="INPUL5CG7232C74" name="goliveChecks.PreGoLiveChecks" tests="1" failures="0" timestamp="27 Nov 2018 08:04:26 GMT" time="71.026" errors="0">
  <testcase name="Analytics" time="71.026" classname="goliveChecks.PreGoLiveChecks"/>
</testsuite> <!-- goliveChecks.PreGoLiveChecks -->
