<?xml version="1.0" encoding="UTF-8"?>
<!-- Generated by org.testng.reporters.JUnitReportReporter -->
<testsuite skipped="0" hostname="INPUL5CG7232C74" name="weatherWidget.CheckWeatherAPIs" tests="1" failures="0" timestamp="28 Jun 2019 06:01:41 GMT" time="11.596" errors="0">
  <testcase name="weatherAPIResponseCode" time="11.596" classname="weatherWidget.CheckWeatherAPIs"/>
</testsuite> <!-- weatherWidget.CheckWeatherAPIs -->
