<?xml version="1.0" encoding="UTF-8"?>
<!-- Generated by org.testng.reporters.JUnitReportReporter -->
<testsuite skipped="0" hostname="INPUL5CG7232C74" name="whoisCheck.SiteCheckWhois" tests="2" failures="0" timestamp="18 Apr 2018 14:43:30 GMT" time="66.936" errors="0">
  <testcase name="siteCheck" time="25.063" classname="whoisCheck.SiteCheckWhois"/>
  <testcase name="siteCheck" time="41.873" classname="whoisCheck.SiteCheckWhois"/>
</testsuite> <!-- whoisCheck.SiteCheckWhois -->
