<?xml version="1.0" encoding="UTF-8"?>
<!-- Generated by org.testng.reporters.JUnitReportReporter -->
<testsuite skipped="0" hostname="INPUL5CG7232C74" name="productSearch.ProductSearchDE" tests="1" failures="0" timestamp="28 Nov 2018 11:00:38 GMT" time="37.266" errors="0">
  <testcase name="ProductSearchDESite" time="37.266" classname="productSearch.ProductSearchDE"/>
</testsuite> <!-- productSearch.ProductSearchDE -->
