<?xml version="1.0" encoding="UTF-8"?>
<!-- Generated by org.testng.reporters.JUnitReportReporter -->
<testsuite skipped="0" hostname="INPUL5CG7232C74" name="productSearch.ProductSearchDE" tests="1" failures="0" timestamp="12 Dec 2019 10:24:00 GMT" time="20.952" errors="0">
  <testcase name="ProductSearchDESite" time="20.952" classname="productSearch.ProductSearchDE"/>
</testsuite> <!-- productSearch.ProductSearchDE -->
