<?xml version="1.0" encoding="UTF-8"?>
<!-- Generated by org.testng.reporters.JUnitReportReporter -->
<testsuite skipped="0" hostname="INPUL5CG7232C74" name="goliveChecks.Golive" tests="1" failures="0" timestamp="28 Jun 2019 05:58:45 GMT" time="475.516" errors="0">
  <testcase name="test" time="475.516" classname="goliveChecks.Golive"/>
</testsuite> <!-- goliveChecks.Golive -->
