<?xml version="1.0" encoding="UTF-8"?>
<!-- Generated by org.testng.reporters.JUnitReportReporter -->
<testsuite skipped="32" hostname="INPUL5CG7232C74" name="productSearch.ProductBreadcrumb" tests="39" failures="0" timestamp="25 Jun 2019 08:13:52 GMT" time="142.197" errors="2">
  <testcase name="ProductCPBreadcrumb" time="20.387" classname="productSearch.ProductBreadcrumb"/>
  <testcase name="ProductCPBreadcrumb" time="0.001" classname="productSearch.ProductBreadcrumb">
    <skipped/>
  </testcase> <!-- ProductCPBreadcrumb -->
  <testcase name="ProductCPBreadcrumb" time="0.079" classname="productSearch.ProductBreadcrumb">
    <skipped/>
  </testcase> <!-- ProductCPBreadcrumb -->
  <testcase name="ProductCPBreadcrumb" time="0.000" classname="productSearch.ProductBreadcrumb">
    <skipped/>
  </testcase> <!-- ProductCPBreadcrumb -->
  <testcase name="ProductCPBreadcrumb" time="0.003" classname="productSearch.ProductBreadcrumb">
    <skipped/>
  </testcase> <!-- ProductCPBreadcrumb -->
  <testcase name="ProductCPBreadcrumb" time="29.507" classname="productSearch.ProductBreadcrumb">
    <error type="org.openqa.selenium.NoSuchElementException" message="no such element: Unable to locate element: {&quot;method&quot;:&quot;xpath&quot;,&quot;selector&quot;:&quot;//div[@class=&#039;pane-title facets-processed&#039;]&quot;}
  (Session info: chrome=72.0.3626.121)
  (Driver info: chromedriver=2.41.578737 (49da6702b16031c40d63e5618de03a32ff6c197e),platform=Windows NT 10.0.17134 x86_64) (WARNING: The server did not provide any stacktrace information)
Command duration or timeout: 0 milliseconds
For documentation on this error, please visit: http://seleniumhq.org/exceptions/no_such_element.html
Build info: version: &#039;3.14.0&#039;, revision: &#039;aacccce0&#039;, time: &#039;2018-08-02T20:13:22.693Z&#039;
System info: host: &#039;INPUL5CG7232C74&#039;, ip: &#039;192.168.0.101&#039;, os.name: &#039;Windows 10&#039;, os.arch: &#039;amd64&#039;, os.version: &#039;10.0&#039;, java.version: &#039;1.8.0_181&#039;
Driver info: org.openqa.selenium.chrome.ChromeDriver
Capabilities {acceptInsecureCerts: false, acceptSslCerts: false, applicationCacheEnabled: false, browserConnectionEnabled: false, browserName: chrome, chrome: {chromedriverVersion: 2.41.578737 (49da6702b16031..., userDataDir: C:\Users\u955590\AppData\Lo...}, cssSelectorsEnabled: true, databaseEnabled: false, goog:chromeOptions: {debuggerAddress: localhost:56570}, handlesAlerts: true, hasTouchScreen: false, javascriptEnabled: true, locationContextEnabled: true, mobileEmulationEnabled: false, nativeEvents: true, networkConnectionEnabled: false, pageLoadStrategy: normal, platform: XP, platformName: XP, rotatable: false, setWindowRect: true, takesHeapSnapshot: true, takesScreenshot: true, unexpectedAlertBehaviour: , unhandledPromptBehavior: , version: 72.0.3626.121, webStorageEnabled: true}
Session ID: ab5ad55598a3651ce9212be0ca276173
*** Element info: {Using=xpath, value=//div[@class=&#039;pane-title facets-processed&#039;]}">
      <![CDATA[org.openqa.selenium.NoSuchElementException: no such element: Unable to locate element: {"method":"xpath","selector":"//div[@class='pane-title facets-processed']"}
  (Session info: chrome=72.0.3626.121)
  (Driver info: chromedriver=2.41.578737 (49da6702b16031c40d63e5618de03a32ff6c197e),platform=Windows NT 10.0.17134 x86_64) (WARNING: The server did not provide any stacktrace information)
Command duration or timeout: 0 milliseconds
For documentation on this error, please visit: http://seleniumhq.org/exceptions/no_such_element.html
Build info: version: '3.14.0', revision: 'aacccce0', time: '2018-08-02T20:13:22.693Z'
System info: host: 'INPUL5CG7232C74', ip: '192.168.0.101', os.name: 'Windows 10', os.arch: 'amd64', os.version: '10.0', java.version: '1.8.0_181'
Driver info: org.openqa.selenium.chrome.ChromeDriver
Capabilities {acceptInsecureCerts: false, acceptSslCerts: false, applicationCacheEnabled: false, browserConnectionEnabled: false, browserName: chrome, chrome: {chromedriverVersion: 2.41.578737 (49da6702b16031..., userDataDir: C:\Users\u955590\AppData\Lo...}, cssSelectorsEnabled: true, databaseEnabled: false, goog:chromeOptions: {debuggerAddress: localhost:56570}, handlesAlerts: true, hasTouchScreen: false, javascriptEnabled: true, locationContextEnabled: true, mobileEmulationEnabled: false, nativeEvents: true, networkConnectionEnabled: false, pageLoadStrategy: normal, platform: XP, platformName: XP, rotatable: false, setWindowRect: true, takesHeapSnapshot: true, takesScreenshot: true, unexpectedAlertBehaviour: , unhandledPromptBehavior: , version: 72.0.3626.121, webStorageEnabled: true}
Session ID: ab5ad55598a3651ce9212be0ca276173
*** Element info: {Using=xpath, value=//div[@class='pane-title facets-processed']}
at sun.reflect.NativeConstructorAccessorImpl.newInstance0(Native Method)
at sun.reflect.NativeConstructorAccessorImpl.newInstance(Unknown Source)
at sun.reflect.DelegatingConstructorAccessorImpl.newInstance(Unknown Source)
at java.lang.reflect.Constructor.newInstance(Unknown Source)
at org.openqa.selenium.remote.ErrorHandler.createThrowable(ErrorHandler.java:214)
at org.openqa.selenium.remote.ErrorHandler.throwIfResponseFailed(ErrorHandler.java:166)
at org.openqa.selenium.remote.http.JsonHttpResponseCodec.reconstructValue(JsonHttpResponseCodec.java:40)
at org.openqa.selenium.remote.http.AbstractHttpResponseCodec.decode(AbstractHttpResponseCodec.java:80)
at org.openqa.selenium.remote.http.AbstractHttpResponseCodec.decode(AbstractHttpResponseCodec.java:44)
at org.openqa.selenium.remote.HttpCommandExecutor.execute(HttpCommandExecutor.java:158)
at org.openqa.selenium.remote.service.DriverCommandExecutor.execute(DriverCommandExecutor.java:83)
at org.openqa.selenium.remote.RemoteWebDriver.execute(RemoteWebDriver.java:548)
at org.openqa.selenium.remote.RemoteWebDriver.findElement(RemoteWebDriver.java:322)
at org.openqa.selenium.remote.RemoteWebDriver.findElementByXPath(RemoteWebDriver.java:424)
at org.openqa.selenium.By$ByXPath.findElement(By.java:353)
at org.openqa.selenium.remote.RemoteWebDriver.findElement(RemoteWebDriver.java:314)
at productSearch.ProductBreadcrumb.ProductCPBreadcrumb(ProductBreadcrumb.java:32)
at sun.reflect.NativeMethodAccessorImpl.invoke0(Native Method)
at sun.reflect.NativeMethodAccessorImpl.invoke(Unknown Source)
at sun.reflect.DelegatingMethodAccessorImpl.invoke(Unknown Source)
at java.lang.reflect.Method.invoke(Unknown Source)
at org.testng.internal.MethodInvocationHelper.invokeMethod(MethodInvocationHelper.java:124)
at org.testng.internal.Invoker.invokeMethod(Invoker.java:580)
at org.testng.internal.Invoker.invokeTestMethod(Invoker.java:716)
at org.testng.internal.Invoker.invokeTestMethods(Invoker.java:988)
at org.testng.internal.TestMethodWorker.invokeTestMethods(TestMethodWorker.java:125)
at org.testng.internal.TestMethodWorker.run(TestMethodWorker.java:109)
at org.testng.TestRunner.privateRun(TestRunner.java:648)
at org.testng.TestRunner.run(TestRunner.java:505)
at org.testng.SuiteRunner.runTest(SuiteRunner.java:455)
at org.testng.SuiteRunner.runSequentially(SuiteRunner.java:450)
at org.testng.SuiteRunner.privateRun(SuiteRunner.java:415)
at org.testng.SuiteRunner.run(SuiteRunner.java:364)
at org.testng.SuiteRunnerWorker.runSuite(SuiteRunnerWorker.java:52)
at org.testng.SuiteRunnerWorker.run(SuiteRunnerWorker.java:84)
at org.testng.TestNG.runSuitesSequentially(TestNG.java:1208)
at org.testng.TestNG.runSuitesLocally(TestNG.java:1137)
at org.testng.TestNG.runSuites(TestNG.java:1049)
at org.testng.TestNG.run(TestNG.java:1017)
at org.testng.remote.AbstractRemoteTestNG.run(AbstractRemoteTestNG.java:114)
at org.testng.remote.RemoteTestNG.initAndRun(RemoteTestNG.java:251)
at org.testng.remote.RemoteTestNG.main(RemoteTestNG.java:77)
]]>
    </error>
  </testcase> <!-- ProductCPBreadcrumb -->
  <testcase name="ProductCPBreadcrumb" time="0.000" classname="productSearch.ProductBreadcrumb">
    <skipped/>
  </testcase> <!-- ProductCPBreadcrumb -->
  <testcase name="ProductCPBreadcrumb" time="0.000" classname="productSearch.ProductBreadcrumb">
    <skipped/>
  </testcase> <!-- ProductCPBreadcrumb -->
  <testcase name="ProductCPBreadcrumb" time="0.000" classname="productSearch.ProductBreadcrumb">
    <skipped/>
  </testcase> <!-- ProductCPBreadcrumb -->
  <testcase name="ProductCPBreadcrumb" time="0.000" classname="productSearch.ProductBreadcrumb">
    <skipped/>
  </testcase> <!-- ProductCPBreadcrumb -->
  <testcase name="ProductCPBreadcrumb" time="0.000" classname="productSearch.ProductBreadcrumb">
    <skipped/>
  </testcase> <!-- ProductCPBreadcrumb -->
  <testcase name="ProductCPBreadcrumb" time="0.000" classname="productSearch.ProductBreadcrumb">
    <skipped/>
  </testcase> <!-- ProductCPBreadcrumb -->
  <testcase name="ProductCPBreadcrumb" time="0.000" classname="productSearch.ProductBreadcrumb">
    <skipped/>
  </testcase> <!-- ProductCPBreadcrumb -->
  <testcase name="ProductCPBreadcrumb" time="0.000" classname="productSearch.ProductBreadcrumb">
    <skipped/>
  </testcase> <!-- ProductCPBreadcrumb -->
  <testcase name="ProductCPBreadcrumb" time="0.000" classname="productSearch.ProductBreadcrumb">
    <skipped/>
  </testcase> <!-- ProductCPBreadcrumb -->
  <testcase name="ProductCPBreadcrumb" time="0.000" classname="productSearch.ProductBreadcrumb">
    <skipped/>
  </testcase> <!-- ProductCPBreadcrumb -->
  <testcase name="ProductCPBreadcrumb" time="0.000" classname="productSearch.ProductBreadcrumb">
    <skipped/>
  </testcase> <!-- ProductCPBreadcrumb -->
  <testcase name="ProductCPBreadcrumb" time="0.000" classname="productSearch.ProductBreadcrumb">
    <skipped/>
  </testcase> <!-- ProductCPBreadcrumb -->
  <testcase name="ProductCPBreadcrumb" time="0.000" classname="productSearch.ProductBreadcrumb">
    <skipped/>
  </testcase> <!-- ProductCPBreadcrumb -->
  <testcase name="ProductCPBreadcrumb" time="0.000" classname="productSearch.ProductBreadcrumb">
    <skipped/>
  </testcase> <!-- ProductCPBreadcrumb -->
  <testcase name="ProductCPBreadcrumb" time="25.158" classname="productSearch.ProductBreadcrumb"/>
  <testcase name="ProductCPBreadcrumb" time="21.944" classname="productSearch.ProductBreadcrumb"/>
  <testcase name="ProductCPBreadcrumb" time="0.000" classname="productSearch.ProductBreadcrumb">
    <skipped/>
  </testcase> <!-- ProductCPBreadcrumb -->
  <testcase name="ProductCPBreadcrumb" time="0.000" classname="productSearch.ProductBreadcrumb">
    <skipped/>
  </testcase> <!-- ProductCPBreadcrumb -->
  <testcase name="ProductCPBreadcrumb" time="0.000" classname="productSearch.ProductBreadcrumb">
    <skipped/>
  </testcase> <!-- ProductCPBreadcrumb -->
  <testcase name="ProductCPBreadcrumb" time="24.725" classname="productSearch.ProductBreadcrumb"/>
  <testcase name="ProductCPBreadcrumb" time="0.000" classname="productSearch.ProductBreadcrumb">
    <skipped/>
  </testcase> <!-- ProductCPBreadcrumb -->
  <testcase name="ProductCPBreadcrumb" time="0.000" classname="productSearch.ProductBreadcrumb">
    <skipped/>
  </testcase> <!-- ProductCPBreadcrumb -->
  <testcase name="ProductCPBreadcrumb" time="0.000" classname="productSearch.ProductBreadcrumb">
    <skipped/>
  </testcase> <!-- ProductCPBreadcrumb -->
  <testcase name="ProductCPBreadcrumb" time="0.000" classname="productSearch.ProductBreadcrumb">
    <skipped/>
  </testcase> <!-- ProductCPBreadcrumb -->
  <testcase name="ProductCPBreadcrumb" time="20.354" classname="productSearch.ProductBreadcrumb"/>
  <testcase name="ProductCPBreadcrumb" time="0.000" classname="productSearch.ProductBreadcrumb">
    <skipped/>
  </testcase> <!-- ProductCPBreadcrumb -->
  <testcase name="ProductCPBreadcrumb" time="0.000" classname="productSearch.ProductBreadcrumb">
    <skipped/>
  </testcase> <!-- ProductCPBreadcrumb -->
  <testcase name="ProductCPBreadcrumb" time="0.000" classname="productSearch.ProductBreadcrumb">
    <skipped/>
  </testcase> <!-- ProductCPBreadcrumb -->
  <testcase name="ProductCPBreadcrumb" time="0.000" classname="productSearch.ProductBreadcrumb">
    <skipped/>
  </testcase> <!-- ProductCPBreadcrumb -->
  <testcase name="ProductCPBreadcrumb" time="0.000" classname="productSearch.ProductBreadcrumb">
    <skipped/>
  </testcase> <!-- ProductCPBreadcrumb -->
  <testcase name="ProductCPBreadcrumb" time="0.000" classname="productSearch.ProductBreadcrumb">
    <skipped/>
  </testcase> <!-- ProductCPBreadcrumb -->
  <testcase name="ProductCPBreadcrumb" time="0.000" classname="productSearch.ProductBreadcrumb">
    <skipped/>
  </testcase> <!-- ProductCPBreadcrumb -->
  <testcase name="getResult" time="0.039" classname="productSearch.ProductBreadcrumb">
    <error type="java.lang.NullPointerException">
      <![CDATA[java.lang.NullPointerException
at library.Utility1.getScreenshot(Utility1.java:16)
at library.BaseClass.getResult(BaseClass.java:43)
at sun.reflect.NativeMethodAccessorImpl.invoke0(Native Method)
at sun.reflect.NativeMethodAccessorImpl.invoke(Unknown Source)
at sun.reflect.DelegatingMethodAccessorImpl.invoke(Unknown Source)
at java.lang.reflect.Method.invoke(Unknown Source)
at org.testng.internal.MethodInvocationHelper.invokeMethod(MethodInvocationHelper.java:124)
at org.testng.internal.MethodInvocationHelper.invokeMethodConsideringTimeout(MethodInvocationHelper.java:59)
at org.testng.internal.Invoker.invokeConfigurationMethod(Invoker.java:455)
at org.testng.internal.Invoker.invokeConfigurations(Invoker.java:222)
at org.testng.internal.Invoker.invokeMethod(Invoker.java:643)
at org.testng.internal.Invoker.invokeTestMethod(Invoker.java:716)
at org.testng.internal.Invoker.invokeTestMethods(Invoker.java:988)
at org.testng.internal.TestMethodWorker.invokeTestMethods(TestMethodWorker.java:125)
at org.testng.internal.TestMethodWorker.run(TestMethodWorker.java:109)
at org.testng.TestRunner.privateRun(TestRunner.java:648)
at org.testng.TestRunner.run(TestRunner.java:505)
at org.testng.SuiteRunner.runTest(SuiteRunner.java:455)
at org.testng.SuiteRunner.runSequentially(SuiteRunner.java:450)
at org.testng.SuiteRunner.privateRun(SuiteRunner.java:415)
at org.testng.SuiteRunner.run(SuiteRunner.java:364)
at org.testng.SuiteRunnerWorker.runSuite(SuiteRunnerWorker.java:52)
at org.testng.SuiteRunnerWorker.run(SuiteRunnerWorker.java:84)
at org.testng.TestNG.runSuitesSequentially(TestNG.java:1208)
at org.testng.TestNG.runSuitesLocally(TestNG.java:1137)
at org.testng.TestNG.runSuites(TestNG.java:1049)
at org.testng.TestNG.run(TestNG.java:1017)
at org.testng.remote.AbstractRemoteTestNG.run(AbstractRemoteTestNG.java:114)
at org.testng.remote.RemoteTestNG.initAndRun(RemoteTestNG.java:251)
at org.testng.remote.RemoteTestNG.main(RemoteTestNG.java:77)
]]>
    </error>
  </testcase> <!-- getResult -->
</testsuite> <!-- productSearch.ProductBreadcrumb -->
