<?xml version="1.0" encoding="UTF-8"?>
<!-- Generated by org.testng.reporters.JUnitReportReporter -->
<testsuite skipped="1" hostname="INPUL5CG7232C74" name="analyticsGoogleSearch.GoogleAnalytics" tests="1" failures="0" timestamp="26 Sep 2018 09:29:32 GMT" time="0.000" errors="0">
  <testcase name="siteHack" time="0.000" classname="analyticsGoogleSearch.GoogleAnalytics">
    <skipped/>
  </testcase> <!-- siteHack -->
</testsuite> <!-- analyticsGoogleSearch.GoogleAnalytics -->
