<?xml version="1.0" encoding="UTF-8"?>
<!-- Generated by org.testng.reporters.JUnitReportReporter -->
<testsuite skipped="0" hostname="INPUL5CG7232C74" name="importProcess.NetherlandImport" tests="1" failures="0" timestamp="26 Sep 2019 06:53:43 GMT" time="219.712" errors="0">
  <testcase name="ImportBelgium" time="219.712" classname="importProcess.NetherlandImport"/>
</testsuite> <!-- importProcess.NetherlandImport -->
