<?xml version="1.0" encoding="UTF-8"?>
<!-- Generated by org.testng.reporters.JUnitReportReporter -->
<testsuite skipped="0" hostname="INPUL5CG7232C74" name="ReadFooter.LanguageTest" tests="1" failures="0" timestamp="27 Feb 2019 12:45:34 GMT" time="18.237" errors="0">
  <testcase name="LanguageCheckTest" time="18.237" classname="ReadFooter.LanguageTest"/>
</testsuite> <!-- ReadFooter.LanguageTest -->
