<?xml version="1.0" encoding="UTF-8"?>
<!-- Generated by org.testng.reporters.JUnitReportReporter -->
<testsuite skipped="0" hostname="INPUL5CG7232C74" name="api.WeatherAPI" tests="1" failures="0" timestamp="19 Jun 2019 08:09:26 GMT" time="30.613" errors="0">
  <testcase name="testResponseCode" time="30.613" classname="api.WeatherAPI"/>
</testsuite> <!-- api.WeatherAPI -->
